Start testing: Sep 10 11:34 MDT
----------------------------------------------------------
1/51 Testing: apptest_cmp
1/51 Test: apptest_cmp
Command: "/home/shevitz/ngc/portage/build-flecsi/app/apptest_cmp/test/apptest_cmp.sh"
Directory: /home/shevitz/ngc/portage/build-flecsi/app/apptest_cmp/test
"apptest_cmp" start time: Sep 10 11:34 MDT
Output:
----------------------------------------------------------
+ /home/shevitz/ngc/portage/build-flecsi/app/apptest_cmp/test/../apptest_cmp field1.txt field1.txt 1e-12
Comparing files: field1.txt field1.txt
Absolute Epsilon: 9.99999999999999980e-13
Relative Epsilon: 9.99999999999999980e-13
Field sizes: 64 64
+ /home/shevitz/ngc/portage/build-flecsi/app/apptest_cmp/test/../apptest_cmp field1.txt field2.txt 1e-12
Comparing files: field1.txt field2.txt
Absolute Epsilon: 9.99999999999999980e-13
Relative Epsilon: 9.99999999999999980e-13
Field sizes: 64 64
0 2.50000000000000000e-01 2.30000000000000010e-01 Abs Err: 1.99999999999999900e-02 Rel Err: 7.99999999999999600e-02
terminate called after throwing an instance of 'std::runtime_error'
  what():  The field values do not match.
/home/shevitz/ngc/portage/build-flecsi/app/apptest_cmp/test/apptest_cmp.sh: line 20: 63816 Aborted                 $APPDIR/apptest_cmp field1.txt field2.txt 1e-12
+ /home/shevitz/ngc/portage/build-flecsi/app/apptest_cmp/test/../apptest_cmp field1.txt field2.txt 2
Comparing files: field1.txt field2.txt
Absolute Epsilon: 2.00000000000000000e+00
Relative Epsilon: 2.00000000000000000e+00
Field sizes: 64 64
+ /home/shevitz/ngc/portage/build-flecsi/app/apptest_cmp/test/../apptest_cmp field1.txt field3.txt 1e-12
Comparing files: field1.txt field3.txt
Absolute Epsilon: 9.99999999999999980e-13
Relative Epsilon: 9.99999999999999980e-13
Field sizes: 64 64
0 0 1
terminate called after throwing an instance of 'std::runtime_error'
  what():  The field global IDs do not match.
/home/shevitz/ngc/portage/build-flecsi/app/apptest_cmp/test/apptest_cmp.sh: line 22: 63820 Aborted                 $APPDIR/apptest_cmp field1.txt field3.txt 1e-12
+ /home/shevitz/ngc/portage/build-flecsi/app/apptest_cmp/test/../apptest_cmp field1.txt field4.txt 1e-12
Comparing files: field1.txt field4.txt
Absolute Epsilon: 9.99999999999999980e-13
Relative Epsilon: 9.99999999999999980e-13
Field sizes: 64 63
terminate called after throwing an instance of 'std::runtime_error'
  what():  The field sizes do not match.
/home/shevitz/ngc/portage/build-flecsi/app/apptest_cmp/test/apptest_cmp.sh: line 23: 63822 Aborted                 $APPDIR/apptest_cmp field1.txt field4.txt 1e-12
<end of output>
Test time =   0.04 sec
----------------------------------------------------------
Test Passed.
"apptest_cmp" end time: Sep 10 11:34 MDT
"apptest_cmp" time elapsed: 00:00:00
----------------------------------------------------------

2/51 Testing: simple_mesh_test0
2/51 Test: simple_mesh_test0
Command: "/home/shevitz/ngc/portage/build-flecsi/app/simple_mesh_app/test/simple_mesh_test0.sh"
Directory: /home/shevitz/ngc/portage/build-flecsi/app/simple_mesh_app/test
"simple_mesh_test0" start time: Sep 10 11:34 MDT
Output:
----------------------------------------------------------
+ mpirun -np 1 /home/shevitz/ngc/portage/build-flecsi/app/simple_mesh_app/test/../simple_mesh_app 0 4 5
starting simple_mesh app...
running example 0
in MMDriver::run()...
Number of target cells in target mesh on rank 0: 125
Number of target entities of kind 3 in target mesh on rank 0: 125
Number of mesh variables on entity kind 3 to remap is 1
Transform Time for Entity Kind 3 on Rank 0 (s): 0.128835
   Search Time Rank 0 (s): 0.000976
   Intersect Time Rank 0 (s): 0.127639
   Interpolate Time Rank 0 (s): 0.00022
Cell=   0 Centroid = ( 0.100, 0.100, 0.100)  Value =  42.000000  Err =  0.000000
Cell=   1 Centroid = ( 0.300, 0.100, 0.100)  Value =  42.000000  Err =  0.000000
Cell=   2 Centroid = ( 0.500, 0.100, 0.100)  Value =  42.000000  Err =  0.000000
Cell=   3 Centroid = ( 0.700, 0.100, 0.100)  Value =  42.000000  Err =  0.000000
Cell=   4 Centroid = ( 0.900, 0.100, 0.100)  Value =  42.000000  Err =  0.000000
Cell=   5 Centroid = ( 0.100, 0.300, 0.100)  Value =  42.000000  Err =  0.000000
Cell=   6 Centroid = ( 0.300, 0.300, 0.100)  Value =  42.000000  Err = -0.000000
Cell=   7 Centroid = ( 0.500, 0.300, 0.100)  Value =  42.000000  Err =  0.000000
Cell=   8 Centroid = ( 0.700, 0.300, 0.100)  Value =  42.000000  Err =  0.000000
Cell=   9 Centroid = ( 0.900, 0.300, 0.100)  Value =  42.000000  Err =  0.000000
Cell=  10 Centroid = ( 0.100, 0.500, 0.100)  Value =  42.000000  Err = -0.000000
Cell=  11 Centroid = ( 0.300, 0.500, 0.100)  Value =  42.000000  Err = -0.000000
Cell=  12 Centroid = ( 0.500, 0.500, 0.100)  Value =  42.000000  Err = -0.000000
Cell=  13 Centroid = ( 0.700, 0.500, 0.100)  Value =  42.000000  Err =  0.000000
Cell=  14 Centroid = ( 0.900, 0.500, 0.100)  Value =  42.000000  Err =  0.000000
Cell=  15 Centroid = ( 0.100, 0.700, 0.100)  Value =  42.000000  Err =  0.000000
Cell=  16 Centroid = ( 0.300, 0.700, 0.100)  Value =  42.000000  Err =  0.000000
Cell=  17 Centroid = ( 0.500, 0.700, 0.100)  Value =  42.000000  Err =  0.000000
Cell=  18 Centroid = ( 0.700, 0.700, 0.100)  Value =  42.000000  Err =  0.000000
Cell=  19 Centroid = ( 0.900, 0.700, 0.100)  Value =  42.000000  Err =  0.000000
Cell=  20 Centroid = ( 0.100, 0.900, 0.100)  Value =  42.000000  Err =  0.000000
Cell=  21 Centroid = ( 0.300, 0.900, 0.100)  Value =  42.000000  Err = -0.000000
Cell=  22 Centroid = ( 0.500, 0.900, 0.100)  Value =  42.000000  Err =  0.000000
Cell=  23 Centroid = ( 0.700, 0.900, 0.100)  Value =  42.000000  Err =  0.000000
Cell=  24 Centroid = ( 0.900, 0.900, 0.100)  Value =  42.000000  Err =  0.000000
Cell=  25 Centroid = ( 0.100, 0.100, 0.300)  Value =  42.000000  Err =  0.000000
Cell=  26 Centroid = ( 0.300, 0.100, 0.300)  Value =  42.000000  Err = -0.000000
Cell=  27 Centroid = ( 0.500, 0.100, 0.300)  Value =  42.000000  Err = -0.000000
Cell=  28 Centroid = ( 0.700, 0.100, 0.300)  Value =  42.000000  Err =  0.000000
Cell=  29 Centroid = ( 0.900, 0.100, 0.300)  Value =  42.000000  Err = -0.000000
Cell=  30 Centroid = ( 0.100, 0.300, 0.300)  Value =  42.000000  Err =  0.000000
Cell=  31 Centroid = ( 0.300, 0.300, 0.300)  Value =  42.000000  Err =  0.000000
Cell=  32 Centroid = ( 0.500, 0.300, 0.300)  Value =  42.000000  Err =  0.000000
Cell=  33 Centroid = ( 0.700, 0.300, 0.300)  Value =  42.000000  Err =  0.000000
Cell=  34 Centroid = ( 0.900, 0.300, 0.300)  Value =  42.000000  Err =  0.000000
Cell=  35 Centroid = ( 0.100, 0.500, 0.300)  Value =  42.000000  Err =  0.000000
Cell=  36 Centroid = ( 0.300, 0.500, 0.300)  Value =  42.000000  Err =  0.000000
Cell=  37 Centroid = ( 0.500, 0.500, 0.300)  Value =  42.000000  Err =  0.000000
Cell=  38 Centroid = ( 0.700, 0.500, 0.300)  Value =  42.000000  Err =  0.000000
Cell=  39 Centroid = ( 0.900, 0.500, 0.300)  Value =  42.000000  Err =  0.000000
Cell=  40 Centroid = ( 0.100, 0.700, 0.300)  Value =  42.000000  Err =  0.000000
Cell=  41 Centroid = ( 0.300, 0.700, 0.300)  Value =  42.000000  Err =  0.000000
Cell=  42 Centroid = ( 0.500, 0.700, 0.300)  Value =  42.000000  Err =  0.000000
Cell=  43 Centroid = ( 0.700, 0.700, 0.300)  Value =  42.000000  Err =  0.000000
Cell=  44 Centroid = ( 0.900, 0.700, 0.300)  Value =  42.000000  Err =  0.000000
Cell=  45 Centroid = ( 0.100, 0.900, 0.300)  Value =  42.000000  Err =  0.000000
Cell=  46 Centroid = ( 0.300, 0.900, 0.300)  Value =  42.000000  Err =  0.000000
Cell=  47 Centroid = ( 0.500, 0.900, 0.300)  Value =  42.000000  Err = -0.000000
Cell=  48 Centroid = ( 0.700, 0.900, 0.300)  Value =  42.000000  Err =  0.000000
Cell=  49 Centroid = ( 0.900, 0.900, 0.300)  Value =  42.000000  Err =  0.000000
Cell=  50 Centroid = ( 0.100, 0.100, 0.500)  Value =  42.000000  Err =  0.000000
Cell=  51 Centroid = ( 0.300, 0.100, 0.500)  Value =  42.000000  Err =  0.000000
Cell=  52 Centroid = ( 0.500, 0.100, 0.500)  Value =  42.000000  Err =  0.000000
Cell=  53 Centroid = ( 0.700, 0.100, 0.500)  Value =  42.000000  Err = -0.000000
Cell=  54 Centroid = ( 0.900, 0.100, 0.500)  Value =  42.000000  Err =  0.000000
Cell=  55 Centroid = ( 0.100, 0.300, 0.500)  Value =  42.000000  Err = -0.000000
Cell=  56 Centroid = ( 0.300, 0.300, 0.500)  Value =  42.000000  Err =  0.000000
Cell=  57 Centroid = ( 0.500, 0.300, 0.500)  Value =  42.000000  Err =  0.000000
Cell=  58 Centroid = ( 0.700, 0.300, 0.500)  Value =  42.000000  Err =  0.000000
Cell=  59 Centroid = ( 0.900, 0.300, 0.500)  Value =  42.000000  Err =  0.000000
Cell=  60 Centroid = ( 0.100, 0.500, 0.500)  Value =  42.000000  Err =  0.000000
Cell=  61 Centroid = ( 0.300, 0.500, 0.500)  Value =  42.000000  Err =  0.000000
Cell=  62 Centroid = ( 0.500, 0.500, 0.500)  Value =  42.000000  Err =  0.000000
Cell=  63 Centroid = ( 0.700, 0.500, 0.500)  Value =  42.000000  Err =  0.000000
Cell=  64 Centroid = ( 0.900, 0.500, 0.500)  Value =  42.000000  Err =  0.000000
Cell=  65 Centroid = ( 0.100, 0.700, 0.500)  Value =  42.000000  Err = -0.000000
Cell=  66 Centroid = ( 0.300, 0.700, 0.500)  Value =  42.000000  Err =  0.000000
Cell=  67 Centroid = ( 0.500, 0.700, 0.500)  Value =  42.000000  Err = -0.000000
Cell=  68 Centroid = ( 0.700, 0.700, 0.500)  Value =  42.000000  Err =  0.000000
Cell=  69 Centroid = ( 0.900, 0.700, 0.500)  Value =  42.000000  Err = -0.000000
Cell=  70 Centroid = ( 0.100, 0.900, 0.500)  Value =  42.000000  Err =  0.000000
Cell=  71 Centroid = ( 0.300, 0.900, 0.500)  Value =  42.000000  Err = -0.000000
Cell=  72 Centroid = ( 0.500, 0.900, 0.500)  Value =  42.000000  Err = -0.000000
Cell=  73 Centroid = ( 0.700, 0.900, 0.500)  Value =  42.000000  Err =  0.000000
Cell=  74 Centroid = ( 0.900, 0.900, 0.500)  Value =  42.000000  Err =  0.000000
Cell=  75 Centroid = ( 0.100, 0.100, 0.700)  Value =  42.000000  Err =  0.000000
Cell=  76 Centroid = ( 0.300, 0.100, 0.700)  Value =  42.000000  Err =  0.000000
Cell=  77 Centroid = ( 0.500, 0.100, 0.700)  Value =  42.000000  Err =  0.000000
Cell=  78 Centroid = ( 0.700, 0.100, 0.700)  Value =  42.000000  Err =  0.000000
Cell=  79 Centroid = ( 0.900, 0.100, 0.700)  Value =  42.000000  Err =  0.000000
Cell=  80 Centroid = ( 0.100, 0.300, 0.700)  Value =  42.000000  Err =  0.000000
Cell=  81 Centroid = ( 0.300, 0.300, 0.700)  Value =  42.000000  Err = -0.000000
Cell=  82 Centroid = ( 0.500, 0.300, 0.700)  Value =  42.000000  Err =  0.000000
Cell=  83 Centroid = ( 0.700, 0.300, 0.700)  Value =  42.000000  Err =  0.000000
Cell=  84 Centroid = ( 0.900, 0.300, 0.700)  Value =  42.000000  Err =  0.000000
Cell=  85 Centroid = ( 0.100, 0.500, 0.700)  Value =  42.000000  Err =  0.000000
Cell=  86 Centroid = ( 0.300, 0.500, 0.700)  Value =  42.000000  Err =  0.000000
Cell=  87 Centroid = ( 0.500, 0.500, 0.700)  Value =  42.000000  Err =  0.000000
Cell=  88 Centroid = ( 0.700, 0.500, 0.700)  Value =  42.000000  Err = -0.000000
Cell=  89 Centroid = ( 0.900, 0.500, 0.700)  Value =  42.000000  Err =  0.000000
Cell=  90 Centroid = ( 0.100, 0.700, 0.700)  Value =  42.000000  Err =  0.000000
Cell=  91 Centroid = ( 0.300, 0.700, 0.700)  Value =  42.000000  Err =  0.000000
Cell=  92 Centroid = ( 0.500, 0.700, 0.700)  Value =  42.000000  Err =  0.000000
Cell=  93 Centroid = ( 0.700, 0.700, 0.700)  Value =  42.000000  Err = -0.000000
Cell=  94 Centroid = ( 0.900, 0.700, 0.700)  Value =  42.000000  Err =  0.000000
Cell=  95 Centroid = ( 0.100, 0.900, 0.700)  Value =  42.000000  Err = -0.000000
Cell=  96 Centroid = ( 0.300, 0.900, 0.700)  Value =  42.000000  Err = -0.000000
Cell=  97 Centroid = ( 0.500, 0.900, 0.700)  Value =  42.000000  Err =  0.000000
Cell=  98 Centroid = ( 0.700, 0.900, 0.700)  Value =  42.000000  Err =  0.000000
Cell=  99 Centroid = ( 0.900, 0.900, 0.700)  Value =  42.000000  Err =  0.000000
Cell= 100 Centroid = ( 0.100, 0.100, 0.900)  Value =  42.000000  Err =  0.000000
Cell= 101 Centroid = ( 0.300, 0.100, 0.900)  Value =  42.000000  Err =  0.000000
Cell= 102 Centroid = ( 0.500, 0.100, 0.900)  Value =  42.000000  Err = -0.000000
Cell= 103 Centroid = ( 0.700, 0.100, 0.900)  Value =  42.000000  Err = -0.000000
Cell= 104 Centroid = ( 0.900, 0.100, 0.900)  Value =  42.000000  Err =  0.000000
Cell= 105 Centroid = ( 0.100, 0.300, 0.900)  Value =  42.000000  Err =  0.000000
Cell= 106 Centroid = ( 0.300, 0.300, 0.900)  Value =  42.000000  Err =  0.000000
Cell= 107 Centroid = ( 0.500, 0.300, 0.900)  Value =  42.000000  Err = -0.000000
Cell= 108 Centroid = ( 0.700, 0.300, 0.900)  Value =  42.000000  Err = -0.000000
Cell= 109 Centroid = ( 0.900, 0.300, 0.900)  Value =  42.000000  Err =  0.000000
Cell= 110 Centroid = ( 0.100, 0.500, 0.900)  Value =  42.000000  Err = -0.000000
Cell= 111 Centroid = ( 0.300, 0.500, 0.900)  Value =  42.000000  Err =  0.000000
Cell= 112 Centroid = ( 0.500, 0.500, 0.900)  Value =  42.000000  Err =  0.000000
Cell= 113 Centroid = ( 0.700, 0.500, 0.900)  Value =  42.000000  Err = -0.000000
Cell= 114 Centroid = ( 0.900, 0.500, 0.900)  Value =  42.000000  Err =  0.000000
Cell= 115 Centroid = ( 0.100, 0.700, 0.900)  Value =  42.000000  Err =  0.000000
Cell= 116 Centroid = ( 0.300, 0.700, 0.900)  Value =  42.000000  Err = -0.000000
Cell= 117 Centroid = ( 0.500, 0.700, 0.900)  Value =  42.000000  Err = -0.000000
Cell= 118 Centroid = ( 0.700, 0.700, 0.900)  Value =  42.000000  Err =  0.000000
Cell= 119 Centroid = ( 0.900, 0.700, 0.900)  Value =  42.000000  Err =  0.000000
Cell= 120 Centroid = ( 0.100, 0.900, 0.900)  Value =  42.000000  Err =  0.000000
Cell= 121 Centroid = ( 0.300, 0.900, 0.900)  Value =  42.000000  Err =  0.000000
Cell= 122 Centroid = ( 0.500, 0.900, 0.900)  Value =  42.000000  Err =  0.000000
Cell= 123 Centroid = ( 0.700, 0.900, 0.900)  Value =  42.000000  Err =  0.000000
Cell= 124 Centroid = ( 0.900, 0.900, 0.900)  Value =  42.000000  Err =  0.000000


L2 NORM OF ERROR = 0.000000

finishing simple_mesh app...
+ /home/shevitz/ngc/portage/build-flecsi/app/apptest_cmp/apptest_cmp field_gold0.txt field0.txt 1e-12
Comparing files: field_gold0.txt field0.txt
Absolute Epsilon: 9.99999999999999980e-13
Relative Epsilon: 9.99999999999999980e-13
Field sizes: 125 125
<end of output>
Test time =   0.47 sec
----------------------------------------------------------
Test Passed.
"simple_mesh_test0" end time: Sep 10 11:34 MDT
"simple_mesh_test0" time elapsed: 00:00:00
----------------------------------------------------------

3/51 Testing: simple_mesh_test1
3/51 Test: simple_mesh_test1
Command: "/home/shevitz/ngc/portage/build-flecsi/app/simple_mesh_app/test/simple_mesh_test1.sh"
Directory: /home/shevitz/ngc/portage/build-flecsi/app/simple_mesh_app/test
"simple_mesh_test1" start time: Sep 10 11:34 MDT
Output:
----------------------------------------------------------
+ mpirun -np 1 /home/shevitz/ngc/portage/build-flecsi/app/simple_mesh_app/test/../simple_mesh_app 1 4 5
starting simple_mesh app...
running example 1
in MMDriver::run()...
Number of target cells in target mesh on rank 0: 125
Number of target entities of kind 3 in target mesh on rank 0: 125
Number of mesh variables on entity kind 3 to remap is 1
Transform Time for Entity Kind 3 on Rank 0 (s): 0.126853
   Search Time Rank 0 (s): 0.000973
   Intersect Time Rank 0 (s): 0.125668
   Interpolate Time Rank 0 (s): 0.000212
Cell=   0 Centroid = ( 0.100, 0.100, 0.100)  Value =   0.375000  Err = -0.075000
Cell=   1 Centroid = ( 0.300, 0.100, 0.100)  Value =   0.562500  Err = -0.062500
Cell=   2 Centroid = ( 0.500, 0.100, 0.100)  Value =   0.750000  Err = -0.050000
Cell=   3 Centroid = ( 0.700, 0.100, 0.100)  Value =   0.937500  Err = -0.037500
Cell=   4 Centroid = ( 0.900, 0.100, 0.100)  Value =   1.125000  Err = -0.025000
Cell=   5 Centroid = ( 0.100, 0.300, 0.100)  Value =   0.562500  Err = -0.062500
Cell=   6 Centroid = ( 0.300, 0.300, 0.100)  Value =   0.750000  Err = -0.050000
Cell=   7 Centroid = ( 0.500, 0.300, 0.100)  Value =   0.937500  Err = -0.037500
Cell=   8 Centroid = ( 0.700, 0.300, 0.100)  Value =   1.125000  Err = -0.025000
Cell=   9 Centroid = ( 0.900, 0.300, 0.100)  Value =   1.312500  Err = -0.012500
Cell=  10 Centroid = ( 0.100, 0.500, 0.100)  Value =   0.750000  Err = -0.050000
Cell=  11 Centroid = ( 0.300, 0.500, 0.100)  Value =   0.937500  Err = -0.037500
Cell=  12 Centroid = ( 0.500, 0.500, 0.100)  Value =   1.125000  Err = -0.025000
Cell=  13 Centroid = ( 0.700, 0.500, 0.100)  Value =   1.312500  Err = -0.012500
Cell=  14 Centroid = ( 0.900, 0.500, 0.100)  Value =   1.500000  Err = -0.000000
Cell=  15 Centroid = ( 0.100, 0.700, 0.100)  Value =   0.937500  Err = -0.037500
Cell=  16 Centroid = ( 0.300, 0.700, 0.100)  Value =   1.125000  Err = -0.025000
Cell=  17 Centroid = ( 0.500, 0.700, 0.100)  Value =   1.312500  Err = -0.012500
Cell=  18 Centroid = ( 0.700, 0.700, 0.100)  Value =   1.500000  Err = -0.000000
Cell=  19 Centroid = ( 0.900, 0.700, 0.100)  Value =   1.687500  Err =  0.012500
Cell=  20 Centroid = ( 0.100, 0.900, 0.100)  Value =   1.125000  Err = -0.025000
Cell=  21 Centroid = ( 0.300, 0.900, 0.100)  Value =   1.312500  Err = -0.012500
Cell=  22 Centroid = ( 0.500, 0.900, 0.100)  Value =   1.500000  Err = -0.000000
Cell=  23 Centroid = ( 0.700, 0.900, 0.100)  Value =   1.687500  Err =  0.012500
Cell=  24 Centroid = ( 0.900, 0.900, 0.100)  Value =   1.875000  Err =  0.025000
Cell=  25 Centroid = ( 0.100, 0.100, 0.300)  Value =   0.562500  Err = -0.062500
Cell=  26 Centroid = ( 0.300, 0.100, 0.300)  Value =   0.750000  Err = -0.050000
Cell=  27 Centroid = ( 0.500, 0.100, 0.300)  Value =   0.937500  Err = -0.037500
Cell=  28 Centroid = ( 0.700, 0.100, 0.300)  Value =   1.125000  Err = -0.025000
Cell=  29 Centroid = ( 0.900, 0.100, 0.300)  Value =   1.312500  Err = -0.012500
Cell=  30 Centroid = ( 0.100, 0.300, 0.300)  Value =   0.750000  Err = -0.050000
Cell=  31 Centroid = ( 0.300, 0.300, 0.300)  Value =   0.937500  Err = -0.037500
Cell=  32 Centroid = ( 0.500, 0.300, 0.300)  Value =   1.125000  Err = -0.025000
Cell=  33 Centroid = ( 0.700, 0.300, 0.300)  Value =   1.312500  Err = -0.012500
Cell=  34 Centroid = ( 0.900, 0.300, 0.300)  Value =   1.500000  Err =  0.000000
Cell=  35 Centroid = ( 0.100, 0.500, 0.300)  Value =   0.937500  Err = -0.037500
Cell=  36 Centroid = ( 0.300, 0.500, 0.300)  Value =   1.125000  Err = -0.025000
Cell=  37 Centroid = ( 0.500, 0.500, 0.300)  Value =   1.312500  Err = -0.012500
Cell=  38 Centroid = ( 0.700, 0.500, 0.300)  Value =   1.500000  Err = -0.000000
Cell=  39 Centroid = ( 0.900, 0.500, 0.300)  Value =   1.687500  Err =  0.012500
Cell=  40 Centroid = ( 0.100, 0.700, 0.300)  Value =   1.125000  Err = -0.025000
Cell=  41 Centroid = ( 0.300, 0.700, 0.300)  Value =   1.312500  Err = -0.012500
Cell=  42 Centroid = ( 0.500, 0.700, 0.300)  Value =   1.500000  Err = -0.000000
Cell=  43 Centroid = ( 0.700, 0.700, 0.300)  Value =   1.687500  Err =  0.012500
Cell=  44 Centroid = ( 0.900, 0.700, 0.300)  Value =   1.875000  Err =  0.025000
Cell=  45 Centroid = ( 0.100, 0.900, 0.300)  Value =   1.312500  Err = -0.012500
Cell=  46 Centroid = ( 0.300, 0.900, 0.300)  Value =   1.500000  Err =  0.000000
Cell=  47 Centroid = ( 0.500, 0.900, 0.300)  Value =   1.687500  Err =  0.012500
Cell=  48 Centroid = ( 0.700, 0.900, 0.300)  Value =   1.875000  Err =  0.025000
Cell=  49 Centroid = ( 0.900, 0.900, 0.300)  Value =   2.062500  Err =  0.037500
Cell=  50 Centroid = ( 0.100, 0.100, 0.500)  Value =   0.750000  Err = -0.050000
Cell=  51 Centroid = ( 0.300, 0.100, 0.500)  Value =   0.937500  Err = -0.037500
Cell=  52 Centroid = ( 0.500, 0.100, 0.500)  Value =   1.125000  Err = -0.025000
Cell=  53 Centroid = ( 0.700, 0.100, 0.500)  Value =   1.312500  Err = -0.012500
Cell=  54 Centroid = ( 0.900, 0.100, 0.500)  Value =   1.500000  Err = -0.000000
Cell=  55 Centroid = ( 0.100, 0.300, 0.500)  Value =   0.937500  Err = -0.037500
Cell=  56 Centroid = ( 0.300, 0.300, 0.500)  Value =   1.125000  Err = -0.025000
Cell=  57 Centroid = ( 0.500, 0.300, 0.500)  Value =   1.312500  Err = -0.012500
Cell=  58 Centroid = ( 0.700, 0.300, 0.500)  Value =   1.500000  Err = -0.000000
Cell=  59 Centroid = ( 0.900, 0.300, 0.500)  Value =   1.687500  Err =  0.012500
Cell=  60 Centroid = ( 0.100, 0.500, 0.500)  Value =   1.125000  Err = -0.025000
Cell=  61 Centroid = ( 0.300, 0.500, 0.500)  Value =   1.312500  Err = -0.012500
Cell=  62 Centroid = ( 0.500, 0.500, 0.500)  Value =   1.500000  Err = -0.000000
Cell=  63 Centroid = ( 0.700, 0.500, 0.500)  Value =   1.687500  Err =  0.012500
Cell=  64 Centroid = ( 0.900, 0.500, 0.500)  Value =   1.875000  Err =  0.025000
Cell=  65 Centroid = ( 0.100, 0.700, 0.500)  Value =   1.312500  Err = -0.012500
Cell=  66 Centroid = ( 0.300, 0.700, 0.500)  Value =   1.500000  Err = -0.000000
Cell=  67 Centroid = ( 0.500, 0.700, 0.500)  Value =   1.687500  Err =  0.012500
Cell=  68 Centroid = ( 0.700, 0.700, 0.500)  Value =   1.875000  Err =  0.025000
Cell=  69 Centroid = ( 0.900, 0.700, 0.500)  Value =   2.062500  Err =  0.037500
Cell=  70 Centroid = ( 0.100, 0.900, 0.500)  Value =   1.500000  Err = -0.000000
Cell=  71 Centroid = ( 0.300, 0.900, 0.500)  Value =   1.687500  Err =  0.012500
Cell=  72 Centroid = ( 0.500, 0.900, 0.500)  Value =   1.875000  Err =  0.025000
Cell=  73 Centroid = ( 0.700, 0.900, 0.500)  Value =   2.062500  Err =  0.037500
Cell=  74 Centroid = ( 0.900, 0.900, 0.500)  Value =   2.250000  Err =  0.050000
Cell=  75 Centroid = ( 0.100, 0.100, 0.700)  Value =   0.937500  Err = -0.037500
Cell=  76 Centroid = ( 0.300, 0.100, 0.700)  Value =   1.125000  Err = -0.025000
Cell=  77 Centroid = ( 0.500, 0.100, 0.700)  Value =   1.312500  Err = -0.012500
Cell=  78 Centroid = ( 0.700, 0.100, 0.700)  Value =   1.500000  Err = -0.000000
Cell=  79 Centroid = ( 0.900, 0.100, 0.700)  Value =   1.687500  Err =  0.012500
Cell=  80 Centroid = ( 0.100, 0.300, 0.700)  Value =   1.125000  Err = -0.025000
Cell=  81 Centroid = ( 0.300, 0.300, 0.700)  Value =   1.312500  Err = -0.012500
Cell=  82 Centroid = ( 0.500, 0.300, 0.700)  Value =   1.500000  Err =  0.000000
Cell=  83 Centroid = ( 0.700, 0.300, 0.700)  Value =   1.687500  Err =  0.012500
Cell=  84 Centroid = ( 0.900, 0.300, 0.700)  Value =   1.875000  Err =  0.025000
Cell=  85 Centroid = ( 0.100, 0.500, 0.700)  Value =   1.312500  Err = -0.012500
Cell=  86 Centroid = ( 0.300, 0.500, 0.700)  Value =   1.500000  Err = -0.000000
Cell=  87 Centroid = ( 0.500, 0.500, 0.700)  Value =   1.687500  Err =  0.012500
Cell=  88 Centroid = ( 0.700, 0.500, 0.700)  Value =   1.875000  Err =  0.025000
Cell=  89 Centroid = ( 0.900, 0.500, 0.700)  Value =   2.062500  Err =  0.037500
Cell=  90 Centroid = ( 0.100, 0.700, 0.700)  Value =   1.500000  Err =  0.000000
Cell=  91 Centroid = ( 0.300, 0.700, 0.700)  Value =   1.687500  Err =  0.012500
Cell=  92 Centroid = ( 0.500, 0.700, 0.700)  Value =   1.875000  Err =  0.025000
Cell=  93 Centroid = ( 0.700, 0.700, 0.700)  Value =   2.062500  Err =  0.037500
Cell=  94 Centroid = ( 0.900, 0.700, 0.700)  Value =   2.250000  Err =  0.050000
Cell=  95 Centroid = ( 0.100, 0.900, 0.700)  Value =   1.687500  Err =  0.012500
Cell=  96 Centroid = ( 0.300, 0.900, 0.700)  Value =   1.875000  Err =  0.025000
Cell=  97 Centroid = ( 0.500, 0.900, 0.700)  Value =   2.062500  Err =  0.037500
Cell=  98 Centroid = ( 0.700, 0.900, 0.700)  Value =   2.250000  Err =  0.050000
Cell=  99 Centroid = ( 0.900, 0.900, 0.700)  Value =   2.437500  Err =  0.062500
Cell= 100 Centroid = ( 0.100, 0.100, 0.900)  Value =   1.125000  Err = -0.025000
Cell= 101 Centroid = ( 0.300, 0.100, 0.900)  Value =   1.312500  Err = -0.012500
Cell= 102 Centroid = ( 0.500, 0.100, 0.900)  Value =   1.500000  Err = -0.000000
Cell= 103 Centroid = ( 0.700, 0.100, 0.900)  Value =   1.687500  Err =  0.012500
Cell= 104 Centroid = ( 0.900, 0.100, 0.900)  Value =   1.875000  Err =  0.025000
Cell= 105 Centroid = ( 0.100, 0.300, 0.900)  Value =   1.312500  Err = -0.012500
Cell= 106 Centroid = ( 0.300, 0.300, 0.900)  Value =   1.500000  Err =  0.000000
Cell= 107 Centroid = ( 0.500, 0.300, 0.900)  Value =   1.687500  Err =  0.012500
Cell= 108 Centroid = ( 0.700, 0.300, 0.900)  Value =   1.875000  Err =  0.025000
Cell= 109 Centroid = ( 0.900, 0.300, 0.900)  Value =   2.062500  Err =  0.037500
Cell= 110 Centroid = ( 0.100, 0.500, 0.900)  Value =   1.500000  Err = -0.000000
Cell= 111 Centroid = ( 0.300, 0.500, 0.900)  Value =   1.687500  Err =  0.012500
Cell= 112 Centroid = ( 0.500, 0.500, 0.900)  Value =   1.875000  Err =  0.025000
Cell= 113 Centroid = ( 0.700, 0.500, 0.900)  Value =   2.062500  Err =  0.037500
Cell= 114 Centroid = ( 0.900, 0.500, 0.900)  Value =   2.250000  Err =  0.050000
Cell= 115 Centroid = ( 0.100, 0.700, 0.900)  Value =   1.687500  Err =  0.012500
Cell= 116 Centroid = ( 0.300, 0.700, 0.900)  Value =   1.875000  Err =  0.025000
Cell= 117 Centroid = ( 0.500, 0.700, 0.900)  Value =   2.062500  Err =  0.037500
Cell= 118 Centroid = ( 0.700, 0.700, 0.900)  Value =   2.250000  Err =  0.050000
Cell= 119 Centroid = ( 0.900, 0.700, 0.900)  Value =   2.437500  Err =  0.062500
Cell= 120 Centroid = ( 0.100, 0.900, 0.900)  Value =   1.875000  Err =  0.025000
Cell= 121 Centroid = ( 0.300, 0.900, 0.900)  Value =   2.062500  Err =  0.037500
Cell= 122 Centroid = ( 0.500, 0.900, 0.900)  Value =   2.250000  Err =  0.050000
Cell= 123 Centroid = ( 0.700, 0.900, 0.900)  Value =   2.437500  Err =  0.062500
Cell= 124 Centroid = ( 0.900, 0.900, 0.900)  Value =   2.625000  Err =  0.075000


L2 NORM OF ERROR = 0.342327

finishing simple_mesh app...
+ /home/shevitz/ngc/portage/build-flecsi/app/apptest_cmp/apptest_cmp field_gold1.txt field1.txt 1e-12
Comparing files: field_gold1.txt field1.txt
Absolute Epsilon: 9.99999999999999980e-13
Relative Epsilon: 9.99999999999999980e-13
Field sizes: 125 125
<end of output>
Test time =   0.40 sec
----------------------------------------------------------
Test Passed.
"simple_mesh_test1" end time: Sep 10 11:34 MDT
"simple_mesh_test1" time elapsed: 00:00:00
----------------------------------------------------------

4/51 Testing: simple_mesh_test2
4/51 Test: simple_mesh_test2
Command: "/home/shevitz/ngc/portage/build-flecsi/app/simple_mesh_app/test/simple_mesh_test2.sh"
Directory: /home/shevitz/ngc/portage/build-flecsi/app/simple_mesh_app/test
"simple_mesh_test2" start time: Sep 10 11:34 MDT
Output:
----------------------------------------------------------
+ mpirun -np 1 /home/shevitz/ngc/portage/build-flecsi/app/simple_mesh_app/test/../simple_mesh_app 2 4 5
starting simple_mesh app...
running example 2
in MMDriver::run()...
Number of target cells in target mesh on rank 0: 125
Number of target entities of kind 3 in target mesh on rank 0: 125
Number of mesh variables on entity kind 3 to remap is 1
Transform Time for Entity Kind 3 on Rank 0 (s): 0.128338
   Search Time Rank 0 (s): 0.000905
   Intersect Time Rank 0 (s): 0.127274
   Interpolate Time Rank 0 (s): 0.000159
Cell=   0 Centroid = ( 0.100, 0.100, 0.100)  Value =   0.046875  Err = -0.016875
Cell=   1 Centroid = ( 0.300, 0.100, 0.100)  Value =   0.140625  Err = -0.030625
Cell=   2 Centroid = ( 0.500, 0.100, 0.100)  Value =   0.296875  Err = -0.026875
Cell=   3 Centroid = ( 0.700, 0.100, 0.100)  Value =   0.515625  Err = -0.005625
Cell=   4 Centroid = ( 0.900, 0.100, 0.100)  Value =   0.796875  Err =  0.033125
Cell=   5 Centroid = ( 0.100, 0.300, 0.100)  Value =   0.140625  Err = -0.030625
Cell=   6 Centroid = ( 0.300, 0.300, 0.100)  Value =   0.234375  Err = -0.044375
Cell=   7 Centroid = ( 0.500, 0.300, 0.100)  Value =   0.390625  Err = -0.040625
Cell=   8 Centroid = ( 0.700, 0.300, 0.100)  Value =   0.609375  Err = -0.019375
Cell=   9 Centroid = ( 0.900, 0.300, 0.100)  Value =   0.890625  Err =  0.019375
Cell=  10 Centroid = ( 0.100, 0.500, 0.100)  Value =   0.296875  Err = -0.026875
Cell=  11 Centroid = ( 0.300, 0.500, 0.100)  Value =   0.390625  Err = -0.040625
Cell=  12 Centroid = ( 0.500, 0.500, 0.100)  Value =   0.546875  Err = -0.036875
Cell=  13 Centroid = ( 0.700, 0.500, 0.100)  Value =   0.765625  Err = -0.015625
Cell=  14 Centroid = ( 0.900, 0.500, 0.100)  Value =   1.046875  Err =  0.023125
Cell=  15 Centroid = ( 0.100, 0.700, 0.100)  Value =   0.515625  Err = -0.005625
Cell=  16 Centroid = ( 0.300, 0.700, 0.100)  Value =   0.609375  Err = -0.019375
Cell=  17 Centroid = ( 0.500, 0.700, 0.100)  Value =   0.765625  Err = -0.015625
Cell=  18 Centroid = ( 0.700, 0.700, 0.100)  Value =   0.984375  Err =  0.005625
Cell=  19 Centroid = ( 0.900, 0.700, 0.100)  Value =   1.265625  Err =  0.044375
Cell=  20 Centroid = ( 0.100, 0.900, 0.100)  Value =   0.796875  Err =  0.033125
Cell=  21 Centroid = ( 0.300, 0.900, 0.100)  Value =   0.890625  Err =  0.019375
Cell=  22 Centroid = ( 0.500, 0.900, 0.100)  Value =   1.046875  Err =  0.023125
Cell=  23 Centroid = ( 0.700, 0.900, 0.100)  Value =   1.265625  Err =  0.044375
Cell=  24 Centroid = ( 0.900, 0.900, 0.100)  Value =   1.546875  Err =  0.083125
Cell=  25 Centroid = ( 0.100, 0.100, 0.300)  Value =   0.140625  Err = -0.030625
Cell=  26 Centroid = ( 0.300, 0.100, 0.300)  Value =   0.234375  Err = -0.044375
Cell=  27 Centroid = ( 0.500, 0.100, 0.300)  Value =   0.390625  Err = -0.040625
Cell=  28 Centroid = ( 0.700, 0.100, 0.300)  Value =   0.609375  Err = -0.019375
Cell=  29 Centroid = ( 0.900, 0.100, 0.300)  Value =   0.890625  Err =  0.019375
Cell=  30 Centroid = ( 0.100, 0.300, 0.300)  Value =   0.234375  Err = -0.044375
Cell=  31 Centroid = ( 0.300, 0.300, 0.300)  Value =   0.328125  Err = -0.058125
Cell=  32 Centroid = ( 0.500, 0.300, 0.300)  Value =   0.484375  Err = -0.054375
Cell=  33 Centroid = ( 0.700, 0.300, 0.300)  Value =   0.703125  Err = -0.033125
Cell=  34 Centroid = ( 0.900, 0.300, 0.300)  Value =   0.984375  Err =  0.005625
Cell=  35 Centroid = ( 0.100, 0.500, 0.300)  Value =   0.390625  Err = -0.040625
Cell=  36 Centroid = ( 0.300, 0.500, 0.300)  Value =   0.484375  Err = -0.054375
Cell=  37 Centroid = ( 0.500, 0.500, 0.300)  Value =   0.640625  Err = -0.050625
Cell=  38 Centroid = ( 0.700, 0.500, 0.300)  Value =   0.859375  Err = -0.029375
Cell=  39 Centroid = ( 0.900, 0.500, 0.300)  Value =   1.140625  Err =  0.009375
Cell=  40 Centroid = ( 0.100, 0.700, 0.300)  Value =   0.609375  Err = -0.019375
Cell=  41 Centroid = ( 0.300, 0.700, 0.300)  Value =   0.703125  Err = -0.033125
Cell=  42 Centroid = ( 0.500, 0.700, 0.300)  Value =   0.859375  Err = -0.029375
Cell=  43 Centroid = ( 0.700, 0.700, 0.300)  Value =   1.078125  Err = -0.008125
Cell=  44 Centroid = ( 0.900, 0.700, 0.300)  Value =   1.359375  Err =  0.030625
Cell=  45 Centroid = ( 0.100, 0.900, 0.300)  Value =   0.890625  Err =  0.019375
Cell=  46 Centroid = ( 0.300, 0.900, 0.300)  Value =   0.984375  Err =  0.005625
Cell=  47 Centroid = ( 0.500, 0.900, 0.300)  Value =   1.140625  Err =  0.009375
Cell=  48 Centroid = ( 0.700, 0.900, 0.300)  Value =   1.359375  Err =  0.030625
Cell=  49 Centroid = ( 0.900, 0.900, 0.300)  Value =   1.640625  Err =  0.069375
Cell=  50 Centroid = ( 0.100, 0.100, 0.500)  Value =   0.296875  Err = -0.026875
Cell=  51 Centroid = ( 0.300, 0.100, 0.500)  Value =   0.390625  Err = -0.040625
Cell=  52 Centroid = ( 0.500, 0.100, 0.500)  Value =   0.546875  Err = -0.036875
Cell=  53 Centroid = ( 0.700, 0.100, 0.500)  Value =   0.765625  Err = -0.015625
Cell=  54 Centroid = ( 0.900, 0.100, 0.500)  Value =   1.046875  Err =  0.023125
Cell=  55 Centroid = ( 0.100, 0.300, 0.500)  Value =   0.390625  Err = -0.040625
Cell=  56 Centroid = ( 0.300, 0.300, 0.500)  Value =   0.484375  Err = -0.054375
Cell=  57 Centroid = ( 0.500, 0.300, 0.500)  Value =   0.640625  Err = -0.050625
Cell=  58 Centroid = ( 0.700, 0.300, 0.500)  Value =   0.859375  Err = -0.029375
Cell=  59 Centroid = ( 0.900, 0.300, 0.500)  Value =   1.140625  Err =  0.009375
Cell=  60 Centroid = ( 0.100, 0.500, 0.500)  Value =   0.546875  Err = -0.036875
Cell=  61 Centroid = ( 0.300, 0.500, 0.500)  Value =   0.640625  Err = -0.050625
Cell=  62 Centroid = ( 0.500, 0.500, 0.500)  Value =   0.796875  Err = -0.046875
Cell=  63 Centroid = ( 0.700, 0.500, 0.500)  Value =   1.015625  Err = -0.025625
Cell=  64 Centroid = ( 0.900, 0.500, 0.500)  Value =   1.296875  Err =  0.013125
Cell=  65 Centroid = ( 0.100, 0.700, 0.500)  Value =   0.765625  Err = -0.015625
Cell=  66 Centroid = ( 0.300, 0.700, 0.500)  Value =   0.859375  Err = -0.029375
Cell=  67 Centroid = ( 0.500, 0.700, 0.500)  Value =   1.015625  Err = -0.025625
Cell=  68 Centroid = ( 0.700, 0.700, 0.500)  Value =   1.234375  Err = -0.004375
Cell=  69 Centroid = ( 0.900, 0.700, 0.500)  Value =   1.515625  Err =  0.034375
Cell=  70 Centroid = ( 0.100, 0.900, 0.500)  Value =   1.046875  Err =  0.023125
Cell=  71 Centroid = ( 0.300, 0.900, 0.500)  Value =   1.140625  Err =  0.009375
Cell=  72 Centroid = ( 0.500, 0.900, 0.500)  Value =   1.296875  Err =  0.013125
Cell=  73 Centroid = ( 0.700, 0.900, 0.500)  Value =   1.515625  Err =  0.034375
Cell=  74 Centroid = ( 0.900, 0.900, 0.500)  Value =   1.796875  Err =  0.073125
Cell=  75 Centroid = ( 0.100, 0.100, 0.700)  Value =   0.515625  Err = -0.005625
Cell=  76 Centroid = ( 0.300, 0.100, 0.700)  Value =   0.609375  Err = -0.019375
Cell=  77 Centroid = ( 0.500, 0.100, 0.700)  Value =   0.765625  Err = -0.015625
Cell=  78 Centroid = ( 0.700, 0.100, 0.700)  Value =   0.984375  Err =  0.005625
Cell=  79 Centroid = ( 0.900, 0.100, 0.700)  Value =   1.265625  Err =  0.044375
Cell=  80 Centroid = ( 0.100, 0.300, 0.700)  Value =   0.609375  Err = -0.019375
Cell=  81 Centroid = ( 0.300, 0.300, 0.700)  Value =   0.703125  Err = -0.033125
Cell=  82 Centroid = ( 0.500, 0.300, 0.700)  Value =   0.859375  Err = -0.029375
Cell=  83 Centroid = ( 0.700, 0.300, 0.700)  Value =   1.078125  Err = -0.008125
Cell=  84 Centroid = ( 0.900, 0.300, 0.700)  Value =   1.359375  Err =  0.030625
Cell=  85 Centroid = ( 0.100, 0.500, 0.700)  Value =   0.765625  Err = -0.015625
Cell=  86 Centroid = ( 0.300, 0.500, 0.700)  Value =   0.859375  Err = -0.029375
Cell=  87 Centroid = ( 0.500, 0.500, 0.700)  Value =   1.015625  Err = -0.025625
Cell=  88 Centroid = ( 0.700, 0.500, 0.700)  Value =   1.234375  Err = -0.004375
Cell=  89 Centroid = ( 0.900, 0.500, 0.700)  Value =   1.515625  Err =  0.034375
Cell=  90 Centroid = ( 0.100, 0.700, 0.700)  Value =   0.984375  Err =  0.005625
Cell=  91 Centroid = ( 0.300, 0.700, 0.700)  Value =   1.078125  Err = -0.008125
Cell=  92 Centroid = ( 0.500, 0.700, 0.700)  Value =   1.234375  Err = -0.004375
Cell=  93 Centroid = ( 0.700, 0.700, 0.700)  Value =   1.453125  Err =  0.016875
Cell=  94 Centroid = ( 0.900, 0.700, 0.700)  Value =   1.734375  Err =  0.055625
Cell=  95 Centroid = ( 0.100, 0.900, 0.700)  Value =   1.265625  Err =  0.044375
Cell=  96 Centroid = ( 0.300, 0.900, 0.700)  Value =   1.359375  Err =  0.030625
Cell=  97 Centroid = ( 0.500, 0.900, 0.700)  Value =   1.515625  Err =  0.034375
Cell=  98 Centroid = ( 0.700, 0.900, 0.700)  Value =   1.734375  Err =  0.055625
Cell=  99 Centroid = ( 0.900, 0.900, 0.700)  Value =   2.015625  Err =  0.094375
Cell= 100 Centroid = ( 0.100, 0.100, 0.900)  Value =   0.796875  Err =  0.033125
Cell= 101 Centroid = ( 0.300, 0.100, 0.900)  Value =   0.890625  Err =  0.019375
Cell= 102 Centroid = ( 0.500, 0.100, 0.900)  Value =   1.046875  Err =  0.023125
Cell= 103 Centroid = ( 0.700, 0.100, 0.900)  Value =   1.265625  Err =  0.044375
Cell= 104 Centroid = ( 0.900, 0.100, 0.900)  Value =   1.546875  Err =  0.083125
Cell= 105 Centroid = ( 0.100, 0.300, 0.900)  Value =   0.890625  Err =  0.019375
Cell= 106 Centroid = ( 0.300, 0.300, 0.900)  Value =   0.984375  Err =  0.005625
Cell= 107 Centroid = ( 0.500, 0.300, 0.900)  Value =   1.140625  Err =  0.009375
Cell= 108 Centroid = ( 0.700, 0.300, 0.900)  Value =   1.359375  Err =  0.030625
Cell= 109 Centroid = ( 0.900, 0.300, 0.900)  Value =   1.640625  Err =  0.069375
Cell= 110 Centroid = ( 0.100, 0.500, 0.900)  Value =   1.046875  Err =  0.023125
Cell= 111 Centroid = ( 0.300, 0.500, 0.900)  Value =   1.140625  Err =  0.009375
Cell= 112 Centroid = ( 0.500, 0.500, 0.900)  Value =   1.296875  Err =  0.013125
Cell= 113 Centroid = ( 0.700, 0.500, 0.900)  Value =   1.515625  Err =  0.034375
Cell= 114 Centroid = ( 0.900, 0.500, 0.900)  Value =   1.796875  Err =  0.073125
Cell= 115 Centroid = ( 0.100, 0.700, 0.900)  Value =   1.265625  Err =  0.044375
Cell= 116 Centroid = ( 0.300, 0.700, 0.900)  Value =   1.359375  Err =  0.030625
Cell= 117 Centroid = ( 0.500, 0.700, 0.900)  Value =   1.515625  Err =  0.034375
Cell= 118 Centroid = ( 0.700, 0.700, 0.900)  Value =   1.734375  Err =  0.055625
Cell= 119 Centroid = ( 0.900, 0.700, 0.900)  Value =   2.015625  Err =  0.094375
Cell= 120 Centroid = ( 0.100, 0.900, 0.900)  Value =   1.546875  Err =  0.083125
Cell= 121 Centroid = ( 0.300, 0.900, 0.900)  Value =   1.640625  Err =  0.069375
Cell= 122 Centroid = ( 0.500, 0.900, 0.900)  Value =   1.796875  Err =  0.073125
Cell= 123 Centroid = ( 0.700, 0.900, 0.900)  Value =   2.015625  Err =  0.094375
Cell= 124 Centroid = ( 0.900, 0.900, 0.900)  Value =   2.296875  Err =  0.133125


L2 NORM OF ERROR = 0.448924

finishing simple_mesh app...
+ /home/shevitz/ngc/portage/build-flecsi/app/apptest_cmp/apptest_cmp field_gold2.txt field2.txt 1e-12
Comparing files: field_gold2.txt field2.txt
Absolute Epsilon: 9.99999999999999980e-13
Relative Epsilon: 9.99999999999999980e-13
Field sizes: 125 125
<end of output>
Test time =   0.41 sec
----------------------------------------------------------
Test Passed.
"simple_mesh_test2" end time: Sep 10 11:34 MDT
"simple_mesh_test2" time elapsed: 00:00:00
----------------------------------------------------------

5/51 Testing: simple_mesh_test3
5/51 Test: simple_mesh_test3
Command: "/home/shevitz/ngc/portage/build-flecsi/app/simple_mesh_app/test/simple_mesh_test3.sh"
Directory: /home/shevitz/ngc/portage/build-flecsi/app/simple_mesh_app/test
"simple_mesh_test3" start time: Sep 10 11:34 MDT
Output:
----------------------------------------------------------
+ mpirun -np 1 /home/shevitz/ngc/portage/build-flecsi/app/simple_mesh_app/test/../simple_mesh_app 3 4 5
starting simple_mesh app...
running example 3
in MMDriver::run()...
Number of target cells in target mesh on rank 0: 125
Number of target entities of kind 3 in target mesh on rank 0: 125
Number of mesh variables on entity kind 3 to remap is 1
Transform Time for Entity Kind 3 on Rank 0 (s): 0.134335
   Search Time Rank 0 (s): 0.000937
   Intersect Time Rank 0 (s): 0.130835
   Interpolate Time Rank 0 (s): 0.002563
Cell=   0 Centroid = ( 0.100, 0.100, 0.100)  Value =   0.300000  Err =  0.000000
Cell=   1 Centroid = ( 0.300, 0.100, 0.100)  Value =   0.500000  Err =  0.000000
Cell=   2 Centroid = ( 0.500, 0.100, 0.100)  Value =   0.700000  Err =  0.000000
Cell=   3 Centroid = ( 0.700, 0.100, 0.100)  Value =   0.900000  Err =  0.000000
Cell=   4 Centroid = ( 0.900, 0.100, 0.100)  Value =   1.100000  Err =  0.000000
Cell=   5 Centroid = ( 0.100, 0.300, 0.100)  Value =   0.500000  Err =  0.000000
Cell=   6 Centroid = ( 0.300, 0.300, 0.100)  Value =   0.700000  Err =  0.000000
Cell=   7 Centroid = ( 0.500, 0.300, 0.100)  Value =   0.900000  Err = -0.000000
Cell=   8 Centroid = ( 0.700, 0.300, 0.100)  Value =   1.100000  Err =  0.000000
Cell=   9 Centroid = ( 0.900, 0.300, 0.100)  Value =   1.300000  Err =  0.000000
Cell=  10 Centroid = ( 0.100, 0.500, 0.100)  Value =   0.700000  Err = -0.000000
Cell=  11 Centroid = ( 0.300, 0.500, 0.100)  Value =   0.900000  Err = -0.000000
Cell=  12 Centroid = ( 0.500, 0.500, 0.100)  Value =   1.100000  Err =  0.000000
Cell=  13 Centroid = ( 0.700, 0.500, 0.100)  Value =   1.300000  Err = -0.000000
Cell=  14 Centroid = ( 0.900, 0.500, 0.100)  Value =   1.500000  Err = -0.000000
Cell=  15 Centroid = ( 0.100, 0.700, 0.100)  Value =   0.900000  Err =  0.000000
Cell=  16 Centroid = ( 0.300, 0.700, 0.100)  Value =   1.100000  Err =  0.000000
Cell=  17 Centroid = ( 0.500, 0.700, 0.100)  Value =   1.300000  Err =  0.000000
Cell=  18 Centroid = ( 0.700, 0.700, 0.100)  Value =   1.500000  Err = -0.000000
Cell=  19 Centroid = ( 0.900, 0.700, 0.100)  Value =   1.700000  Err =  0.000000
Cell=  20 Centroid = ( 0.100, 0.900, 0.100)  Value =   1.100000  Err = -0.000000
Cell=  21 Centroid = ( 0.300, 0.900, 0.100)  Value =   1.300000  Err =  0.000000
Cell=  22 Centroid = ( 0.500, 0.900, 0.100)  Value =   1.500000  Err =  0.000000
Cell=  23 Centroid = ( 0.700, 0.900, 0.100)  Value =   1.700000  Err = -0.000000
Cell=  24 Centroid = ( 0.900, 0.900, 0.100)  Value =   1.900000  Err = -0.000000
Cell=  25 Centroid = ( 0.100, 0.100, 0.300)  Value =   0.500000  Err =  0.000000
Cell=  26 Centroid = ( 0.300, 0.100, 0.300)  Value =   0.700000  Err = -0.000000
Cell=  27 Centroid = ( 0.500, 0.100, 0.300)  Value =   0.900000  Err = -0.000000
Cell=  28 Centroid = ( 0.700, 0.100, 0.300)  Value =   1.100000  Err = -0.000000
Cell=  29 Centroid = ( 0.900, 0.100, 0.300)  Value =   1.300000  Err = -0.000000
Cell=  30 Centroid = ( 0.100, 0.300, 0.300)  Value =   0.700000  Err = -0.000000
Cell=  31 Centroid = ( 0.300, 0.300, 0.300)  Value =   0.900000  Err =  0.000000
Cell=  32 Centroid = ( 0.500, 0.300, 0.300)  Value =   1.100000  Err =  0.000000
Cell=  33 Centroid = ( 0.700, 0.300, 0.300)  Value =   1.300000  Err = -0.000000
Cell=  34 Centroid = ( 0.900, 0.300, 0.300)  Value =   1.500000  Err = -0.000000
Cell=  35 Centroid = ( 0.100, 0.500, 0.300)  Value =   0.900000  Err = -0.000000
Cell=  36 Centroid = ( 0.300, 0.500, 0.300)  Value =   1.100000  Err =  0.000000
Cell=  37 Centroid = ( 0.500, 0.500, 0.300)  Value =   1.300000  Err = -0.000000
Cell=  38 Centroid = ( 0.700, 0.500, 0.300)  Value =   1.500000  Err = -0.000000
Cell=  39 Centroid = ( 0.900, 0.500, 0.300)  Value =   1.700000  Err =  0.000000
Cell=  40 Centroid = ( 0.100, 0.700, 0.300)  Value =   1.100000  Err =  0.000000
Cell=  41 Centroid = ( 0.300, 0.700, 0.300)  Value =   1.300000  Err =  0.000000
Cell=  42 Centroid = ( 0.500, 0.700, 0.300)  Value =   1.500000  Err =  0.000000
Cell=  43 Centroid = ( 0.700, 0.700, 0.300)  Value =   1.700000  Err = -0.000000
Cell=  44 Centroid = ( 0.900, 0.700, 0.300)  Value =   1.900000  Err = -0.000000
Cell=  45 Centroid = ( 0.100, 0.900, 0.300)  Value =   1.300000  Err =  0.000000
Cell=  46 Centroid = ( 0.300, 0.900, 0.300)  Value =   1.500000  Err =  0.000000
Cell=  47 Centroid = ( 0.500, 0.900, 0.300)  Value =   1.700000  Err = -0.000000
Cell=  48 Centroid = ( 0.700, 0.900, 0.300)  Value =   1.900000  Err = -0.000000
Cell=  49 Centroid = ( 0.900, 0.900, 0.300)  Value =   2.100000  Err =  0.000000
Cell=  50 Centroid = ( 0.100, 0.100, 0.500)  Value =   0.700000  Err =  0.000000
Cell=  51 Centroid = ( 0.300, 0.100, 0.500)  Value =   0.900000  Err = -0.000000
Cell=  52 Centroid = ( 0.500, 0.100, 0.500)  Value =   1.100000  Err =  0.000000
Cell=  53 Centroid = ( 0.700, 0.100, 0.500)  Value =   1.300000  Err =  0.000000
Cell=  54 Centroid = ( 0.900, 0.100, 0.500)  Value =   1.500000  Err =  0.000000
Cell=  55 Centroid = ( 0.100, 0.300, 0.500)  Value =   0.900000  Err = -0.000000
Cell=  56 Centroid = ( 0.300, 0.300, 0.500)  Value =   1.100000  Err =  0.000000
Cell=  57 Centroid = ( 0.500, 0.300, 0.500)  Value =   1.300000  Err =  0.000000
Cell=  58 Centroid = ( 0.700, 0.300, 0.500)  Value =   1.500000  Err = -0.000000
Cell=  59 Centroid = ( 0.900, 0.300, 0.500)  Value =   1.700000  Err = -0.000000
Cell=  60 Centroid = ( 0.100, 0.500, 0.500)  Value =   1.100000  Err = -0.000000
Cell=  61 Centroid = ( 0.300, 0.500, 0.500)  Value =   1.300000  Err = -0.000000
Cell=  62 Centroid = ( 0.500, 0.500, 0.500)  Value =   1.500000  Err = -0.000000
Cell=  63 Centroid = ( 0.700, 0.500, 0.500)  Value =   1.700000  Err = -0.000000
Cell=  64 Centroid = ( 0.900, 0.500, 0.500)  Value =   1.900000  Err = -0.000000
Cell=  65 Centroid = ( 0.100, 0.700, 0.500)  Value =   1.300000  Err = -0.000000
Cell=  66 Centroid = ( 0.300, 0.700, 0.500)  Value =   1.500000  Err = -0.000000
Cell=  67 Centroid = ( 0.500, 0.700, 0.500)  Value =   1.700000  Err =  0.000000
Cell=  68 Centroid = ( 0.700, 0.700, 0.500)  Value =   1.900000  Err = -0.000000
Cell=  69 Centroid = ( 0.900, 0.700, 0.500)  Value =   2.100000  Err =  0.000000
Cell=  70 Centroid = ( 0.100, 0.900, 0.500)  Value =   1.500000  Err =  0.000000
Cell=  71 Centroid = ( 0.300, 0.900, 0.500)  Value =   1.700000  Err =  0.000000
Cell=  72 Centroid = ( 0.500, 0.900, 0.500)  Value =   1.900000  Err = -0.000000
Cell=  73 Centroid = ( 0.700, 0.900, 0.500)  Value =   2.100000  Err =  0.000000
Cell=  74 Centroid = ( 0.900, 0.900, 0.500)  Value =   2.300000  Err = -0.000000
Cell=  75 Centroid = ( 0.100, 0.100, 0.700)  Value =   0.900000  Err = -0.000000
Cell=  76 Centroid = ( 0.300, 0.100, 0.700)  Value =   1.100000  Err =  0.000000
Cell=  77 Centroid = ( 0.500, 0.100, 0.700)  Value =   1.300000  Err =  0.000000
Cell=  78 Centroid = ( 0.700, 0.100, 0.700)  Value =   1.500000  Err =  0.000000
Cell=  79 Centroid = ( 0.900, 0.100, 0.700)  Value =   1.700000  Err =  0.000000
Cell=  80 Centroid = ( 0.100, 0.300, 0.700)  Value =   1.100000  Err =  0.000000
Cell=  81 Centroid = ( 0.300, 0.300, 0.700)  Value =   1.300000  Err =  0.000000
Cell=  82 Centroid = ( 0.500, 0.300, 0.700)  Value =   1.500000  Err =  0.000000
Cell=  83 Centroid = ( 0.700, 0.300, 0.700)  Value =   1.700000  Err =  0.000000
Cell=  84 Centroid = ( 0.900, 0.300, 0.700)  Value =   1.900000  Err = -0.000000
Cell=  85 Centroid = ( 0.100, 0.500, 0.700)  Value =   1.300000  Err = -0.000000
Cell=  86 Centroid = ( 0.300, 0.500, 0.700)  Value =   1.500000  Err = -0.000000
Cell=  87 Centroid = ( 0.500, 0.500, 0.700)  Value =   1.700000  Err = -0.000000
Cell=  88 Centroid = ( 0.700, 0.500, 0.700)  Value =   1.900000  Err =  0.000000
Cell=  89 Centroid = ( 0.900, 0.500, 0.700)  Value =   2.100000  Err =  0.000000
Cell=  90 Centroid = ( 0.100, 0.700, 0.700)  Value =   1.500000  Err = -0.000000
Cell=  91 Centroid = ( 0.300, 0.700, 0.700)  Value =   1.700000  Err =  0.000000
Cell=  92 Centroid = ( 0.500, 0.700, 0.700)  Value =   1.900000  Err = -0.000000
Cell=  93 Centroid = ( 0.700, 0.700, 0.700)  Value =   2.100000  Err = -0.000000
Cell=  94 Centroid = ( 0.900, 0.700, 0.700)  Value =   2.300000  Err =  0.000000
Cell=  95 Centroid = ( 0.100, 0.900, 0.700)  Value =   1.700000  Err =  0.000000
Cell=  96 Centroid = ( 0.300, 0.900, 0.700)  Value =   1.900000  Err = -0.000000
Cell=  97 Centroid = ( 0.500, 0.900, 0.700)  Value =   2.100000  Err =  0.000000
Cell=  98 Centroid = ( 0.700, 0.900, 0.700)  Value =   2.300000  Err =  0.000000
Cell=  99 Centroid = ( 0.900, 0.900, 0.700)  Value =   2.500000  Err = -0.000000
Cell= 100 Centroid = ( 0.100, 0.100, 0.900)  Value =   1.100000  Err = -0.000000
Cell= 101 Centroid = ( 0.300, 0.100, 0.900)  Value =   1.300000  Err =  0.000000
Cell= 102 Centroid = ( 0.500, 0.100, 0.900)  Value =   1.500000  Err =  0.000000
Cell= 103 Centroid = ( 0.700, 0.100, 0.900)  Value =   1.700000  Err = -0.000000
Cell= 104 Centroid = ( 0.900, 0.100, 0.900)  Value =   1.900000  Err = -0.000000
Cell= 105 Centroid = ( 0.100, 0.300, 0.900)  Value =   1.300000  Err = -0.000000
Cell= 106 Centroid = ( 0.300, 0.300, 0.900)  Value =   1.500000  Err = -0.000000
Cell= 107 Centroid = ( 0.500, 0.300, 0.900)  Value =   1.700000  Err =  0.000000
Cell= 108 Centroid = ( 0.700, 0.300, 0.900)  Value =   1.900000  Err =  0.000000
Cell= 109 Centroid = ( 0.900, 0.300, 0.900)  Value =   2.100000  Err =  0.000000
Cell= 110 Centroid = ( 0.100, 0.500, 0.900)  Value =   1.500000  Err = -0.000000
Cell= 111 Centroid = ( 0.300, 0.500, 0.900)  Value =   1.700000  Err = -0.000000
Cell= 112 Centroid = ( 0.500, 0.500, 0.900)  Value =   1.900000  Err =  0.000000
Cell= 113 Centroid = ( 0.700, 0.500, 0.900)  Value =   2.100000  Err =  0.000000
Cell= 114 Centroid = ( 0.900, 0.500, 0.900)  Value =   2.300000  Err = -0.000000
Cell= 115 Centroid = ( 0.100, 0.700, 0.900)  Value =   1.700000  Err = -0.000000
Cell= 116 Centroid = ( 0.300, 0.700, 0.900)  Value =   1.900000  Err = -0.000000
Cell= 117 Centroid = ( 0.500, 0.700, 0.900)  Value =   2.100000  Err =  0.000000
Cell= 118 Centroid = ( 0.700, 0.700, 0.900)  Value =   2.300000  Err =  0.000000
Cell= 119 Centroid = ( 0.900, 0.700, 0.900)  Value =   2.500000  Err =  0.000000
Cell= 120 Centroid = ( 0.100, 0.900, 0.900)  Value =   1.900000  Err = -0.000000
Cell= 121 Centroid = ( 0.300, 0.900, 0.900)  Value =   2.100000  Err =  0.000000
Cell= 122 Centroid = ( 0.500, 0.900, 0.900)  Value =   2.300000  Err =  0.000000
Cell= 123 Centroid = ( 0.700, 0.900, 0.900)  Value =   2.500000  Err = -0.000000
Cell= 124 Centroid = ( 0.900, 0.900, 0.900)  Value =   2.700000  Err =  0.000000


L2 NORM OF ERROR = 0.000000

finishing simple_mesh app...
+ /home/shevitz/ngc/portage/build-flecsi/app/apptest_cmp/apptest_cmp field_gold3.txt field3.txt 1e-12
Comparing files: field_gold3.txt field3.txt
Absolute Epsilon: 9.99999999999999980e-13
Relative Epsilon: 9.99999999999999980e-13
Field sizes: 125 125
<end of output>
Test time =   0.40 sec
----------------------------------------------------------
Test Passed.
"simple_mesh_test3" end time: Sep 10 11:34 MDT
"simple_mesh_test3" time elapsed: 00:00:00
----------------------------------------------------------

6/51 Testing: simple_mesh_test4
6/51 Test: simple_mesh_test4
Command: "/home/shevitz/ngc/portage/build-flecsi/app/simple_mesh_app/test/simple_mesh_test4.sh"
Directory: /home/shevitz/ngc/portage/build-flecsi/app/simple_mesh_app/test
"simple_mesh_test4" start time: Sep 10 11:34 MDT
Output:
----------------------------------------------------------
+ mpirun -np 1 /home/shevitz/ngc/portage/build-flecsi/app/simple_mesh_app/test/../simple_mesh_app 4 4 5
starting simple_mesh app...
running example 4
in MMDriver::run()...
Number of target cells in target mesh on rank 0: 125
Number of target entities of kind 3 in target mesh on rank 0: 125
Number of mesh variables on entity kind 3 to remap is 1
Transform Time for Entity Kind 3 on Rank 0 (s): 0.128813
   Search Time Rank 0 (s): 0.000908
   Intersect Time Rank 0 (s): 0.125549
   Interpolate Time Rank 0 (s): 0.002356
Cell=   0 Centroid = ( 0.100, 0.100, 0.100)  Value =   0.009375  Err =  0.020625
Cell=   1 Centroid = ( 0.300, 0.100, 0.100)  Value =   0.095833  Err =  0.014167
Cell=   2 Centroid = ( 0.500, 0.100, 0.100)  Value =   0.247569  Err =  0.022431
Cell=   3 Centroid = ( 0.700, 0.100, 0.100)  Value =   0.495833  Err =  0.014167
Cell=   4 Centroid = ( 0.900, 0.100, 0.100)  Value =   0.809375  Err =  0.020625
Cell=   5 Centroid = ( 0.100, 0.300, 0.100)  Value =   0.095833  Err =  0.014167
Cell=   6 Centroid = ( 0.300, 0.300, 0.100)  Value =   0.189063  Err =  0.000938
Cell=   7 Centroid = ( 0.500, 0.300, 0.100)  Value =   0.339583  Err =  0.010417
Cell=   8 Centroid = ( 0.700, 0.300, 0.100)  Value =   0.589063  Err =  0.000938
Cell=   9 Centroid = ( 0.900, 0.300, 0.100)  Value =   0.895833  Err =  0.014167
Cell=  10 Centroid = ( 0.100, 0.500, 0.100)  Value =   0.247569  Err =  0.022431
Cell=  11 Centroid = ( 0.300, 0.500, 0.100)  Value =   0.339583  Err =  0.010417
Cell=  12 Centroid = ( 0.500, 0.500, 0.100)  Value =   0.488542  Err =  0.021458
Cell=  13 Centroid = ( 0.700, 0.500, 0.100)  Value =   0.739583  Err =  0.010417
Cell=  14 Centroid = ( 0.900, 0.500, 0.100)  Value =   1.047569  Err =  0.022431
Cell=  15 Centroid = ( 0.100, 0.700, 0.100)  Value =   0.495833  Err =  0.014167
Cell=  16 Centroid = ( 0.300, 0.700, 0.100)  Value =   0.589062  Err =  0.000938
Cell=  17 Centroid = ( 0.500, 0.700, 0.100)  Value =   0.739583  Err =  0.010417
Cell=  18 Centroid = ( 0.700, 0.700, 0.100)  Value =   0.989063  Err =  0.000937
Cell=  19 Centroid = ( 0.900, 0.700, 0.100)  Value =   1.295833  Err =  0.014167
Cell=  20 Centroid = ( 0.100, 0.900, 0.100)  Value =   0.809375  Err =  0.020625
Cell=  21 Centroid = ( 0.300, 0.900, 0.100)  Value =   0.895833  Err =  0.014167
Cell=  22 Centroid = ( 0.500, 0.900, 0.100)  Value =   1.047569  Err =  0.022431
Cell=  23 Centroid = ( 0.700, 0.900, 0.100)  Value =   1.295833  Err =  0.014167
Cell=  24 Centroid = ( 0.900, 0.900, 0.100)  Value =   1.609375  Err =  0.020625
Cell=  25 Centroid = ( 0.100, 0.100, 0.300)  Value =   0.095833  Err =  0.014167
Cell=  26 Centroid = ( 0.300, 0.100, 0.300)  Value =   0.189063  Err =  0.000937
Cell=  27 Centroid = ( 0.500, 0.100, 0.300)  Value =   0.339583  Err =  0.010417
Cell=  28 Centroid = ( 0.700, 0.100, 0.300)  Value =   0.589063  Err =  0.000937
Cell=  29 Centroid = ( 0.900, 0.100, 0.300)  Value =   0.895833  Err =  0.014167
Cell=  30 Centroid = ( 0.100, 0.300, 0.300)  Value =   0.189063  Err =  0.000937
Cell=  31 Centroid = ( 0.300, 0.300, 0.300)  Value =   0.298438  Err = -0.028437
Cell=  32 Centroid = ( 0.500, 0.300, 0.300)  Value =   0.448264  Err = -0.018264
Cell=  33 Centroid = ( 0.700, 0.300, 0.300)  Value =   0.698438  Err = -0.028438
Cell=  34 Centroid = ( 0.900, 0.300, 0.300)  Value =   0.989063  Err =  0.000937
Cell=  35 Centroid = ( 0.100, 0.500, 0.300)  Value =   0.339583  Err =  0.010417
Cell=  36 Centroid = ( 0.300, 0.500, 0.300)  Value =   0.448264  Err = -0.018264
Cell=  37 Centroid = ( 0.500, 0.500, 0.300)  Value =   0.595833  Err = -0.005833
Cell=  38 Centroid = ( 0.700, 0.500, 0.300)  Value =   0.848264  Err = -0.018264
Cell=  39 Centroid = ( 0.900, 0.500, 0.300)  Value =   1.139583  Err =  0.010417
Cell=  40 Centroid = ( 0.100, 0.700, 0.300)  Value =   0.589063  Err =  0.000938
Cell=  41 Centroid = ( 0.300, 0.700, 0.300)  Value =   0.698437  Err = -0.028437
Cell=  42 Centroid = ( 0.500, 0.700, 0.300)  Value =   0.848264  Err = -0.018264
Cell=  43 Centroid = ( 0.700, 0.700, 0.300)  Value =   1.098438  Err = -0.028438
Cell=  44 Centroid = ( 0.900, 0.700, 0.300)  Value =   1.389063  Err =  0.000937
Cell=  45 Centroid = ( 0.100, 0.900, 0.300)  Value =   0.895833  Err =  0.014167
Cell=  46 Centroid = ( 0.300, 0.900, 0.300)  Value =   0.989063  Err =  0.000937
Cell=  47 Centroid = ( 0.500, 0.900, 0.300)  Value =   1.139583  Err =  0.010417
Cell=  48 Centroid = ( 0.700, 0.900, 0.300)  Value =   1.389063  Err =  0.000937
Cell=  49 Centroid = ( 0.900, 0.900, 0.300)  Value =   1.695833  Err =  0.014167
Cell=  50 Centroid = ( 0.100, 0.100, 0.500)  Value =   0.247569  Err =  0.022431
Cell=  51 Centroid = ( 0.300, 0.100, 0.500)  Value =   0.339583  Err =  0.010417
Cell=  52 Centroid = ( 0.500, 0.100, 0.500)  Value =   0.488542  Err =  0.021458
Cell=  53 Centroid = ( 0.700, 0.100, 0.500)  Value =   0.739583  Err =  0.010417
Cell=  54 Centroid = ( 0.900, 0.100, 0.500)  Value =   1.047569  Err =  0.022431
Cell=  55 Centroid = ( 0.100, 0.300, 0.500)  Value =   0.339583  Err =  0.010417
Cell=  56 Centroid = ( 0.300, 0.300, 0.500)  Value =   0.448264  Err = -0.018264
Cell=  57 Centroid = ( 0.500, 0.300, 0.500)  Value =   0.595833  Err = -0.005833
Cell=  58 Centroid = ( 0.700, 0.300, 0.500)  Value =   0.848264  Err = -0.018264
Cell=  59 Centroid = ( 0.900, 0.300, 0.500)  Value =   1.139583  Err =  0.010417
Cell=  60 Centroid = ( 0.100, 0.500, 0.500)  Value =   0.488542  Err =  0.021458
Cell=  61 Centroid = ( 0.300, 0.500, 0.500)  Value =   0.595833  Err = -0.005833
Cell=  62 Centroid = ( 0.500, 0.500, 0.500)  Value =   0.740625  Err =  0.009375
Cell=  63 Centroid = ( 0.700, 0.500, 0.500)  Value =   0.995833  Err = -0.005833
Cell=  64 Centroid = ( 0.900, 0.500, 0.500)  Value =   1.288542  Err =  0.021458
Cell=  65 Centroid = ( 0.100, 0.700, 0.500)  Value =   0.739583  Err =  0.010417
Cell=  66 Centroid = ( 0.300, 0.700, 0.500)  Value =   0.848264  Err = -0.018264
Cell=  67 Centroid = ( 0.500, 0.700, 0.500)  Value =   0.995833  Err = -0.005833
Cell=  68 Centroid = ( 0.700, 0.700, 0.500)  Value =   1.248264  Err = -0.018264
Cell=  69 Centroid = ( 0.900, 0.700, 0.500)  Value =   1.539583  Err =  0.010417
Cell=  70 Centroid = ( 0.100, 0.900, 0.500)  Value =   1.047569  Err =  0.022431
Cell=  71 Centroid = ( 0.300, 0.900, 0.500)  Value =   1.139583  Err =  0.010417
Cell=  72 Centroid = ( 0.500, 0.900, 0.500)  Value =   1.288542  Err =  0.021458
Cell=  73 Centroid = ( 0.700, 0.900, 0.500)  Value =   1.539583  Err =  0.010417
Cell=  74 Centroid = ( 0.900, 0.900, 0.500)  Value =   1.847569  Err =  0.022431
Cell=  75 Centroid = ( 0.100, 0.100, 0.700)  Value =   0.495833  Err =  0.014167
Cell=  76 Centroid = ( 0.300, 0.100, 0.700)  Value =   0.589062  Err =  0.000938
Cell=  77 Centroid = ( 0.500, 0.100, 0.700)  Value =   0.739583  Err =  0.010417
Cell=  78 Centroid = ( 0.700, 0.100, 0.700)  Value =   0.989062  Err =  0.000938
Cell=  79 Centroid = ( 0.900, 0.100, 0.700)  Value =   1.295833  Err =  0.014167
Cell=  80 Centroid = ( 0.100, 0.300, 0.700)  Value =   0.589062  Err =  0.000938
Cell=  81 Centroid = ( 0.300, 0.300, 0.700)  Value =   0.698437  Err = -0.028437
Cell=  82 Centroid = ( 0.500, 0.300, 0.700)  Value =   0.848264  Err = -0.018264
Cell=  83 Centroid = ( 0.700, 0.300, 0.700)  Value =   1.098437  Err = -0.028437
Cell=  84 Centroid = ( 0.900, 0.300, 0.700)  Value =   1.389063  Err =  0.000937
Cell=  85 Centroid = ( 0.100, 0.500, 0.700)  Value =   0.739583  Err =  0.010417
Cell=  86 Centroid = ( 0.300, 0.500, 0.700)  Value =   0.848264  Err = -0.018264
Cell=  87 Centroid = ( 0.500, 0.500, 0.700)  Value =   0.995833  Err = -0.005833
Cell=  88 Centroid = ( 0.700, 0.500, 0.700)  Value =   1.248264  Err = -0.018264
Cell=  89 Centroid = ( 0.900, 0.500, 0.700)  Value =   1.539583  Err =  0.010417
Cell=  90 Centroid = ( 0.100, 0.700, 0.700)  Value =   0.989063  Err =  0.000937
Cell=  91 Centroid = ( 0.300, 0.700, 0.700)  Value =   1.098437  Err = -0.028437
Cell=  92 Centroid = ( 0.500, 0.700, 0.700)  Value =   1.248264  Err = -0.018264
Cell=  93 Centroid = ( 0.700, 0.700, 0.700)  Value =   1.498438  Err = -0.028438
Cell=  94 Centroid = ( 0.900, 0.700, 0.700)  Value =   1.789062  Err =  0.000938
Cell=  95 Centroid = ( 0.100, 0.900, 0.700)  Value =   1.295833  Err =  0.014167
Cell=  96 Centroid = ( 0.300, 0.900, 0.700)  Value =   1.389063  Err =  0.000937
Cell=  97 Centroid = ( 0.500, 0.900, 0.700)  Value =   1.539583  Err =  0.010417
Cell=  98 Centroid = ( 0.700, 0.900, 0.700)  Value =   1.789062  Err =  0.000938
Cell=  99 Centroid = ( 0.900, 0.900, 0.700)  Value =   2.095833  Err =  0.014167
Cell= 100 Centroid = ( 0.100, 0.100, 0.900)  Value =   0.809375  Err =  0.020625
Cell= 101 Centroid = ( 0.300, 0.100, 0.900)  Value =   0.895833  Err =  0.014167
Cell= 102 Centroid = ( 0.500, 0.100, 0.900)  Value =   1.047569  Err =  0.022431
Cell= 103 Centroid = ( 0.700, 0.100, 0.900)  Value =   1.295833  Err =  0.014167
Cell= 104 Centroid = ( 0.900, 0.100, 0.900)  Value =   1.609375  Err =  0.020625
Cell= 105 Centroid = ( 0.100, 0.300, 0.900)  Value =   0.895833  Err =  0.014167
Cell= 106 Centroid = ( 0.300, 0.300, 0.900)  Value =   0.989063  Err =  0.000937
Cell= 107 Centroid = ( 0.500, 0.300, 0.900)  Value =   1.139583  Err =  0.010417
Cell= 108 Centroid = ( 0.700, 0.300, 0.900)  Value =   1.389062  Err =  0.000938
Cell= 109 Centroid = ( 0.900, 0.300, 0.900)  Value =   1.695833  Err =  0.014167
Cell= 110 Centroid = ( 0.100, 0.500, 0.900)  Value =   1.047569  Err =  0.022431
Cell= 111 Centroid = ( 0.300, 0.500, 0.900)  Value =   1.139583  Err =  0.010417
Cell= 112 Centroid = ( 0.500, 0.500, 0.900)  Value =   1.288542  Err =  0.021458
Cell= 113 Centroid = ( 0.700, 0.500, 0.900)  Value =   1.539583  Err =  0.010417
Cell= 114 Centroid = ( 0.900, 0.500, 0.900)  Value =   1.847569  Err =  0.022431
Cell= 115 Centroid = ( 0.100, 0.700, 0.900)  Value =   1.295833  Err =  0.014167
Cell= 116 Centroid = ( 0.300, 0.700, 0.900)  Value =   1.389063  Err =  0.000937
Cell= 117 Centroid = ( 0.500, 0.700, 0.900)  Value =   1.539583  Err =  0.010417
Cell= 118 Centroid = ( 0.700, 0.700, 0.900)  Value =   1.789062  Err =  0.000938
Cell= 119 Centroid = ( 0.900, 0.700, 0.900)  Value =   2.095833  Err =  0.014167
Cell= 120 Centroid = ( 0.100, 0.900, 0.900)  Value =   1.609375  Err =  0.020625
Cell= 121 Centroid = ( 0.300, 0.900, 0.900)  Value =   1.695833  Err =  0.014167
Cell= 122 Centroid = ( 0.500, 0.900, 0.900)  Value =   1.847569  Err =  0.022431
Cell= 123 Centroid = ( 0.700, 0.900, 0.900)  Value =   2.095833  Err =  0.014167
Cell= 124 Centroid = ( 0.900, 0.900, 0.900)  Value =   2.409375  Err =  0.020625


L2 NORM OF ERROR = 0.174384

finishing simple_mesh app...
+ /home/shevitz/ngc/portage/build-flecsi/app/apptest_cmp/apptest_cmp field_gold4.txt field4.txt 1e-12
Comparing files: field_gold4.txt field4.txt
Absolute Epsilon: 9.99999999999999980e-13
Relative Epsilon: 9.99999999999999980e-13
Field sizes: 125 125
<end of output>
Test time =   0.40 sec
----------------------------------------------------------
Test Passed.
"simple_mesh_test4" end time: Sep 10 11:34 MDT
"simple_mesh_test4" time elapsed: 00:00:00
----------------------------------------------------------

7/51 Testing: simple_mesh_test5
7/51 Test: simple_mesh_test5
Command: "/home/shevitz/ngc/portage/build-flecsi/app/simple_mesh_app/test/simple_mesh_test5.sh"
Directory: /home/shevitz/ngc/portage/build-flecsi/app/simple_mesh_app/test
"simple_mesh_test5" start time: Sep 10 11:34 MDT
Output:
----------------------------------------------------------
+ mpirun -np 1 /home/shevitz/ngc/portage/build-flecsi/app/simple_mesh_app/test/../simple_mesh_app 5 4 5
starting simple_mesh app...
running example 5
in MMDriver::run()...
Number of target cells in target mesh on rank 0: 125
Number of target entities of kind 3 in target mesh on rank 0: 125
Number of mesh variables on entity kind 3 to remap is 1
WARNING: Meshes may be mismatched in the neighborhood of cell 3 in the target mesh (and maybe other places too)
WARNING: No source cells contribute to target cell.
WARNING: No source cells contribute to target cell.
WARNING: No source cells contribute to target cell.
WARNING: No source cells contribute to target cell.
WARNING: No source cells contribute to target cell.
WARNING: No source cells contribute to target cell.
WARNING: No source cells contribute to target cell.
WARNING: No source cells contribute to target cell.
WARNING: No source cells contribute to target cell.
WARNING: No source cells contribute to target cell.
WARNING: No source cells contribute to target cell.
WARNING: No source cells contribute to target cell.
WARNING: No source cells contribute to target cell.
WARNING: No source cells contribute to target cell.
WARNING: No source cells contribute to target cell.
WARNING: No source cells contribute to target cell.
WARNING: No source cells contribute to target cell.
WARNING: No source cells contribute to target cell.
WARNING: No source cells contribute to target cell.
WARNING: No source cells contribute to target cell.
WARNING: No source cells contribute to target cell.
WARNING: No source cells contribute to target cell.
WARNING: No source cells contribute to target cell.
WARNING: No source cells contribute to target cell.
WARNING: No source cells contribute to target cell.
Transform Time for Entity Kind 3 on Rank 0 (s): 0.110698
   Search Time Rank 0 (s): 0.000897
   Intersect Time Rank 0 (s): 0.107327
   Interpolate Time Rank 0 (s): 0.002474
Cell=   0 Centroid = ( 0.130, 0.100, 0.100)  Value =   0.330000  Err = -0.000000
Cell=   1 Centroid = ( 0.390, 0.100, 0.100)  Value =   0.590000  Err = -0.000000
Cell=   2 Centroid = ( 0.650, 0.100, 0.100)  Value =   0.850000  Err = -0.000000
Cell=   3 Centroid = ( 0.910, 0.100, 0.100)  Value =   1.090000  Err =  0.020000
Cell=   4 Centroid = ( 1.170, 0.100, 0.100)  Value =   0.000000  Err =  1.370000
Cell=   5 Centroid = ( 0.130, 0.300, 0.100)  Value =   0.530000  Err = -0.000000
Cell=   6 Centroid = ( 0.390, 0.300, 0.100)  Value =   0.790000  Err =  0.000000
Cell=   7 Centroid = ( 0.650, 0.300, 0.100)  Value =   1.050000  Err = -0.000000
Cell=   8 Centroid = ( 0.910, 0.300, 0.100)  Value =   1.290000  Err =  0.020000
Cell=   9 Centroid = ( 1.170, 0.300, 0.100)  Value =   0.000000  Err =  1.570000
Cell=  10 Centroid = ( 0.130, 0.500, 0.100)  Value =   0.730000  Err = -0.000000
Cell=  11 Centroid = ( 0.390, 0.500, 0.100)  Value =   0.990000  Err = -0.000000
Cell=  12 Centroid = ( 0.650, 0.500, 0.100)  Value =   1.250000  Err =  0.000000
Cell=  13 Centroid = ( 0.910, 0.500, 0.100)  Value =   1.490000  Err =  0.020000
Cell=  14 Centroid = ( 1.170, 0.500, 0.100)  Value =   0.000000  Err =  1.770000
Cell=  15 Centroid = ( 0.130, 0.700, 0.100)  Value =   0.930000  Err = -0.000000
Cell=  16 Centroid = ( 0.390, 0.700, 0.100)  Value =   1.190000  Err =  0.000000
Cell=  17 Centroid = ( 0.650, 0.700, 0.100)  Value =   1.450000  Err =  0.000000
Cell=  18 Centroid = ( 0.910, 0.700, 0.100)  Value =   1.690000  Err =  0.020000
Cell=  19 Centroid = ( 1.170, 0.700, 0.100)  Value =   0.000000  Err =  1.970000
Cell=  20 Centroid = ( 0.130, 0.900, 0.100)  Value =   1.130000  Err = -0.000000
Cell=  21 Centroid = ( 0.390, 0.900, 0.100)  Value =   1.390000  Err = -0.000000
Cell=  22 Centroid = ( 0.650, 0.900, 0.100)  Value =   1.650000  Err =  0.000000
Cell=  23 Centroid = ( 0.910, 0.900, 0.100)  Value =   1.890000  Err =  0.020000
Cell=  24 Centroid = ( 1.170, 0.900, 0.100)  Value =   0.000000  Err =  2.170000
Cell=  25 Centroid = ( 0.130, 0.100, 0.300)  Value =   0.530000  Err =  0.000000
Cell=  26 Centroid = ( 0.390, 0.100, 0.300)  Value =   0.790000  Err = -0.000000
Cell=  27 Centroid = ( 0.650, 0.100, 0.300)  Value =   1.050000  Err =  0.000000
Cell=  28 Centroid = ( 0.910, 0.100, 0.300)  Value =   1.290000  Err =  0.020000
Cell=  29 Centroid = ( 1.170, 0.100, 0.300)  Value =   0.000000  Err =  1.570000
Cell=  30 Centroid = ( 0.130, 0.300, 0.300)  Value =   0.730000  Err = -0.000000
Cell=  31 Centroid = ( 0.390, 0.300, 0.300)  Value =   0.990000  Err = -0.000000
Cell=  32 Centroid = ( 0.650, 0.300, 0.300)  Value =   1.250000  Err =  0.000000
Cell=  33 Centroid = ( 0.910, 0.300, 0.300)  Value =   1.490000  Err =  0.020000
Cell=  34 Centroid = ( 1.170, 0.300, 0.300)  Value =   0.000000  Err =  1.770000
Cell=  35 Centroid = ( 0.130, 0.500, 0.300)  Value =   0.930000  Err =  0.000000
Cell=  36 Centroid = ( 0.390, 0.500, 0.300)  Value =   1.190000  Err =  0.000000
Cell=  37 Centroid = ( 0.650, 0.500, 0.300)  Value =   1.450000  Err =  0.000000
Cell=  38 Centroid = ( 0.910, 0.500, 0.300)  Value =   1.690000  Err =  0.020000
Cell=  39 Centroid = ( 1.170, 0.500, 0.300)  Value =   0.000000  Err =  1.970000
Cell=  40 Centroid = ( 0.130, 0.700, 0.300)  Value =   1.130000  Err =  0.000000
Cell=  41 Centroid = ( 0.390, 0.700, 0.300)  Value =   1.390000  Err =  0.000000
Cell=  42 Centroid = ( 0.650, 0.700, 0.300)  Value =   1.650000  Err =  0.000000
Cell=  43 Centroid = ( 0.910, 0.700, 0.300)  Value =   1.890000  Err =  0.020000
Cell=  44 Centroid = ( 1.170, 0.700, 0.300)  Value =   0.000000  Err =  2.170000
Cell=  45 Centroid = ( 0.130, 0.900, 0.300)  Value =   1.330000  Err = -0.000000
Cell=  46 Centroid = ( 0.390, 0.900, 0.300)  Value =   1.590000  Err =  0.000000
Cell=  47 Centroid = ( 0.650, 0.900, 0.300)  Value =   1.850000  Err = -0.000000
Cell=  48 Centroid = ( 0.910, 0.900, 0.300)  Value =   2.090000  Err =  0.020000
Cell=  49 Centroid = ( 1.170, 0.900, 0.300)  Value =   0.000000  Err =  2.370000
Cell=  50 Centroid = ( 0.130, 0.100, 0.500)  Value =   0.730000  Err = -0.000000
Cell=  51 Centroid = ( 0.390, 0.100, 0.500)  Value =   0.990000  Err = -0.000000
Cell=  52 Centroid = ( 0.650, 0.100, 0.500)  Value =   1.250000  Err = -0.000000
Cell=  53 Centroid = ( 0.910, 0.100, 0.500)  Value =   1.490000  Err =  0.020000
Cell=  54 Centroid = ( 1.170, 0.100, 0.500)  Value =   0.000000  Err =  1.770000
Cell=  55 Centroid = ( 0.130, 0.300, 0.500)  Value =   0.930000  Err =  0.000000
Cell=  56 Centroid = ( 0.390, 0.300, 0.500)  Value =   1.190000  Err = -0.000000
Cell=  57 Centroid = ( 0.650, 0.300, 0.500)  Value =   1.450000  Err = -0.000000
Cell=  58 Centroid = ( 0.910, 0.300, 0.500)  Value =   1.690000  Err =  0.020000
Cell=  59 Centroid = ( 1.170, 0.300, 0.500)  Value =   0.000000  Err =  1.970000
Cell=  60 Centroid = ( 0.130, 0.500, 0.500)  Value =   1.130000  Err =  0.000000
Cell=  61 Centroid = ( 0.390, 0.500, 0.500)  Value =   1.390000  Err = -0.000000
Cell=  62 Centroid = ( 0.650, 0.500, 0.500)  Value =   1.650000  Err = -0.000000
Cell=  63 Centroid = ( 0.910, 0.500, 0.500)  Value =   1.890000  Err =  0.020000
Cell=  64 Centroid = ( 1.170, 0.500, 0.500)  Value =   0.000000  Err =  2.170000
Cell=  65 Centroid = ( 0.130, 0.700, 0.500)  Value =   1.330000  Err = -0.000000
Cell=  66 Centroid = ( 0.390, 0.700, 0.500)  Value =   1.590000  Err = -0.000000
Cell=  67 Centroid = ( 0.650, 0.700, 0.500)  Value =   1.850000  Err = -0.000000
Cell=  68 Centroid = ( 0.910, 0.700, 0.500)  Value =   2.090000  Err =  0.020000
Cell=  69 Centroid = ( 1.170, 0.700, 0.500)  Value =   0.000000  Err =  2.370000
Cell=  70 Centroid = ( 0.130, 0.900, 0.500)  Value =   1.530000  Err =  0.000000
Cell=  71 Centroid = ( 0.390, 0.900, 0.500)  Value =   1.790000  Err = -0.000000
Cell=  72 Centroid = ( 0.650, 0.900, 0.500)  Value =   2.050000  Err = -0.000000
Cell=  73 Centroid = ( 0.910, 0.900, 0.500)  Value =   2.290000  Err =  0.020000
Cell=  74 Centroid = ( 1.170, 0.900, 0.500)  Value =   0.000000  Err =  2.570000
Cell=  75 Centroid = ( 0.130, 0.100, 0.700)  Value =   0.930000  Err =  0.000000
Cell=  76 Centroid = ( 0.390, 0.100, 0.700)  Value =   1.190000  Err =  0.000000
Cell=  77 Centroid = ( 0.650, 0.100, 0.700)  Value =   1.450000  Err = -0.000000
Cell=  78 Centroid = ( 0.910, 0.100, 0.700)  Value =   1.690000  Err =  0.020000
Cell=  79 Centroid = ( 1.170, 0.100, 0.700)  Value =   0.000000  Err =  1.970000
Cell=  80 Centroid = ( 0.130, 0.300, 0.700)  Value =   1.130000  Err = -0.000000
Cell=  81 Centroid = ( 0.390, 0.300, 0.700)  Value =   1.390000  Err = -0.000000
Cell=  82 Centroid = ( 0.650, 0.300, 0.700)  Value =   1.650000  Err =  0.000000
Cell=  83 Centroid = ( 0.910, 0.300, 0.700)  Value =   1.890000  Err =  0.020000
Cell=  84 Centroid = ( 1.170, 0.300, 0.700)  Value =   0.000000  Err =  2.170000
Cell=  85 Centroid = ( 0.130, 0.500, 0.700)  Value =   1.330000  Err =  0.000000
Cell=  86 Centroid = ( 0.390, 0.500, 0.700)  Value =   1.590000  Err = -0.000000
Cell=  87 Centroid = ( 0.650, 0.500, 0.700)  Value =   1.850000  Err =  0.000000
Cell=  88 Centroid = ( 0.910, 0.500, 0.700)  Value =   2.090000  Err =  0.020000
Cell=  89 Centroid = ( 1.170, 0.500, 0.700)  Value =   0.000000  Err =  2.370000
Cell=  90 Centroid = ( 0.130, 0.700, 0.700)  Value =   1.530000  Err =  0.000000
Cell=  91 Centroid = ( 0.390, 0.700, 0.700)  Value =   1.790000  Err = -0.000000
Cell=  92 Centroid = ( 0.650, 0.700, 0.700)  Value =   2.050000  Err =  0.000000
Cell=  93 Centroid = ( 0.910, 0.700, 0.700)  Value =   2.290000  Err =  0.020000
Cell=  94 Centroid = ( 1.170, 0.700, 0.700)  Value =   0.000000  Err =  2.570000
Cell=  95 Centroid = ( 0.130, 0.900, 0.700)  Value =   1.730000  Err =  0.000000
Cell=  96 Centroid = ( 0.390, 0.900, 0.700)  Value =   1.990000  Err = -0.000000
Cell=  97 Centroid = ( 0.650, 0.900, 0.700)  Value =   2.250000  Err = -0.000000
Cell=  98 Centroid = ( 0.910, 0.900, 0.700)  Value =   2.490000  Err =  0.020000
Cell=  99 Centroid = ( 1.170, 0.900, 0.700)  Value =   0.000000  Err =  2.770000
Cell= 100 Centroid = ( 0.130, 0.100, 0.900)  Value =   1.130000  Err = -0.000000
Cell= 101 Centroid = ( 0.390, 0.100, 0.900)  Value =   1.390000  Err = -0.000000
Cell= 102 Centroid = ( 0.650, 0.100, 0.900)  Value =   1.650000  Err =  0.000000
Cell= 103 Centroid = ( 0.910, 0.100, 0.900)  Value =   1.890000  Err =  0.020000
Cell= 104 Centroid = ( 1.170, 0.100, 0.900)  Value =   0.000000  Err =  2.170000
Cell= 105 Centroid = ( 0.130, 0.300, 0.900)  Value =   1.330000  Err = -0.000000
Cell= 106 Centroid = ( 0.390, 0.300, 0.900)  Value =   1.590000  Err = -0.000000
Cell= 107 Centroid = ( 0.650, 0.300, 0.900)  Value =   1.850000  Err =  0.000000
Cell= 108 Centroid = ( 0.910, 0.300, 0.900)  Value =   2.090000  Err =  0.020000
Cell= 109 Centroid = ( 1.170, 0.300, 0.900)  Value =   0.000000  Err =  2.370000
Cell= 110 Centroid = ( 0.130, 0.500, 0.900)  Value =   1.530000  Err =  0.000000
Cell= 111 Centroid = ( 0.390, 0.500, 0.900)  Value =   1.790000  Err =  0.000000
Cell= 112 Centroid = ( 0.650, 0.500, 0.900)  Value =   2.050000  Err =  0.000000
Cell= 113 Centroid = ( 0.910, 0.500, 0.900)  Value =   2.290000  Err =  0.020000
Cell= 114 Centroid = ( 1.170, 0.500, 0.900)  Value =   0.000000  Err =  2.570000
Cell= 115 Centroid = ( 0.130, 0.700, 0.900)  Value =   1.730000  Err =  0.000000
Cell= 116 Centroid = ( 0.390, 0.700, 0.900)  Value =   1.990000  Err =  0.000000
Cell= 117 Centroid = ( 0.650, 0.700, 0.900)  Value =   2.250000  Err = -0.000000
Cell= 118 Centroid = ( 0.910, 0.700, 0.900)  Value =   2.490000  Err =  0.020000
Cell= 119 Centroid = ( 1.170, 0.700, 0.900)  Value =   0.000000  Err =  2.770000
Cell= 120 Centroid = ( 0.130, 0.900, 0.900)  Value =   1.930000  Err =  0.000000
Cell= 121 Centroid = ( 0.390, 0.900, 0.900)  Value =   2.190000  Err =  0.000000
Cell= 122 Centroid = ( 0.650, 0.900, 0.900)  Value =   2.450000  Err = -0.000000
Cell= 123 Centroid = ( 0.910, 0.900, 0.900)  Value =   2.690000  Err =  0.020000
Cell= 124 Centroid = ( 1.170, 0.900, 0.900)  Value =   0.000000  Err =  2.970000


L2 NORM OF ERROR = 11.033245

finishing simple_mesh app...
+ /home/shevitz/ngc/portage/build-flecsi/app/apptest_cmp/apptest_cmp field_gold5.txt field5.txt 1e-12
Comparing files: field_gold5.txt field5.txt
Absolute Epsilon: 9.99999999999999980e-13
Relative Epsilon: 9.99999999999999980e-13
Field sizes: 125 125
<end of output>
Test time =   0.37 sec
----------------------------------------------------------
Test Passed.
"simple_mesh_test5" end time: Sep 10 11:34 MDT
"simple_mesh_test5" time elapsed: 00:00:00
----------------------------------------------------------

8/51 Testing: simple_mesh_test6
8/51 Test: simple_mesh_test6
Command: "/home/shevitz/ngc/portage/build-flecsi/app/simple_mesh_app/test/simple_mesh_test6.sh"
Directory: /home/shevitz/ngc/portage/build-flecsi/app/simple_mesh_app/test
"simple_mesh_test6" start time: Sep 10 11:34 MDT
Output:
----------------------------------------------------------
+ mpirun -np 1 /home/shevitz/ngc/portage/build-flecsi/app/simple_mesh_app/test/../simple_mesh_app 6 4 5
starting simple_mesh app...
running example 6
in MMDriver::run()...
Number of target cells in target mesh on rank 0: 125
Number of target entities of kind 3 in target mesh on rank 0: 125
Number of mesh variables on entity kind 3 to remap is 0
Transform Time for Entity Kind 3 on Rank 0 (s): 0.13294
   Search Time Rank 0 (s): 0.000933
   Intersect Time Rank 0 (s): 0.131998
   Interpolate Time Rank 0 (s): 9e-06
Number of target entities of kind 0 in target mesh on rank 0: 216
Number of mesh variables on entity kind 0 to remap is 1
Node=   0 Coords = ( 0.000,  0.000,  0.000)   Value =  42.000000 Err =  0.000000
Node=   1 Coords = ( 0.200,  0.000,  0.000)   Value =  42.000000 Err =  0.000000
Node=   2 Coords = ( 0.400,  0.000,  0.000)   Value =  42.000000 Err =  0.000000
Node=   3 Coords = ( 0.600,  0.000,  0.000)   Value =  42.000000 Err =  0.000000
Node=   4 Coords = ( 0.800,  0.000,  0.000)   Value =  42.000000 Err =  0.000000
Node=   5 Coords = ( 1.000,  0.000,  0.000)   Value =  42.000000 Err =  0.000000
Node=   6 Coords = ( 0.000,  0.200,  0.000)   Value =  42.000000 Err =  0.000000
Node=   7 Coords = ( 0.200,  0.200,  0.000)   Value =  42.000000 Err = -0.000000
Node=   8 Coords = ( 0.400,  0.200,  0.000)   Value =  42.000000 Err =  0.000000
Node=   9 Coords = ( 0.600,  0.200,  0.000)   Value =  42.000000 Err = -0.000000
Node=  10 Coords = ( 0.800,  0.200,  0.000)   Value =  42.000000 Err =  0.000000
Node=  11 Coords = ( 1.000,  0.200,  0.000)   Value =  42.000000 Err =  0.000000
Node=  12 Coords = ( 0.000,  0.400,  0.000)   Value =  42.000000 Err =  0.000000
Node=  13 Coords = ( 0.200,  0.400,  0.000)   Value =  42.000000 Err =  0.000000
Node=  14 Coords = ( 0.400,  0.400,  0.000)   Value =  42.000000 Err =  0.000000
Node=  15 Coords = ( 0.600,  0.400,  0.000)   Value =  42.000000 Err =  0.000000
Node=  16 Coords = ( 0.800,  0.400,  0.000)   Value =  42.000000 Err =  0.000000
Node=  17 Coords = ( 1.000,  0.400,  0.000)   Value =  42.000000 Err =  0.000000
Node=  18 Coords = ( 0.000,  0.600,  0.000)   Value =  42.000000 Err = -0.000000
Node=  19 Coords = ( 0.200,  0.600,  0.000)   Value =  42.000000 Err =  0.000000
Node=  20 Coords = ( 0.400,  0.600,  0.000)   Value =  42.000000 Err =  0.000000
Node=  21 Coords = ( 0.600,  0.600,  0.000)   Value =  42.000000 Err = -0.000000
Node=  22 Coords = ( 0.800,  0.600,  0.000)   Value =  42.000000 Err =  0.000000
Node=  23 Coords = ( 1.000,  0.600,  0.000)   Value =  42.000000 Err =  0.000000
Node=  24 Coords = ( 0.000,  0.800,  0.000)   Value =  42.000000 Err =  0.000000
Node=  25 Coords = ( 0.200,  0.800,  0.000)   Value =  42.000000 Err = -0.000000
Node=  26 Coords = ( 0.400,  0.800,  0.000)   Value =  42.000000 Err =  0.000000
Node=  27 Coords = ( 0.600,  0.800,  0.000)   Value =  42.000000 Err =  0.000000
Node=  28 Coords = ( 0.800,  0.800,  0.000)   Value =  42.000000 Err =  0.000000
Node=  29 Coords = ( 1.000,  0.800,  0.000)   Value =  42.000000 Err =  0.000000
Node=  30 Coords = ( 0.000,  1.000,  0.000)   Value =  42.000000 Err =  0.000000
Node=  31 Coords = ( 0.200,  1.000,  0.000)   Value =  42.000000 Err =  0.000000
Node=  32 Coords = ( 0.400,  1.000,  0.000)   Value =  42.000000 Err = -0.000000
Node=  33 Coords = ( 0.600,  1.000,  0.000)   Value =  42.000000 Err =  0.000000
Node=  34 Coords = ( 0.800,  1.000,  0.000)   Value =  42.000000 Err =  0.000000
Node=  35 Coords = ( 1.000,  1.000,  0.000)   Value =  42.000000 Err =  0.000000
Node=  36 Coords = ( 0.000,  0.000,  0.200)   Value =  42.000000 Err =  0.000000
Node=  37 Coords = ( 0.200,  0.000,  0.200)   Value =  42.000000 Err =  0.000000
Node=  38 Coords = ( 0.400,  0.000,  0.200)   Value =  42.000000 Err = -0.000000
Node=  39 Coords = ( 0.600,  0.000,  0.200)   Value =  42.000000 Err =  0.000000
Node=  40 Coords = ( 0.800,  0.000,  0.200)   Value =  42.000000 Err = -0.000000
Node=  41 Coords = ( 1.000,  0.000,  0.200)   Value =  42.000000 Err =  0.000000
Node=  42 Coords = ( 0.000,  0.200,  0.200)   Value =  42.000000 Err = -0.000000
Node=  43 Coords = ( 0.200,  0.200,  0.200)   Value =  42.000000 Err =  0.000000
Node=  44 Coords = ( 0.400,  0.200,  0.200)   Value =  42.000000 Err =  0.000000
Node=  45 Coords = ( 0.600,  0.200,  0.200)   Value =  42.000000 Err =  0.000000
Node=  46 Coords = ( 0.800,  0.200,  0.200)   Value =  42.000000 Err = -0.000000
Node=  47 Coords = ( 1.000,  0.200,  0.200)   Value =  42.000000 Err =  0.000000
Node=  48 Coords = ( 0.000,  0.400,  0.200)   Value =  42.000000 Err =  0.000000
Node=  49 Coords = ( 0.200,  0.400,  0.200)   Value =  42.000000 Err =  0.000000
Node=  50 Coords = ( 0.400,  0.400,  0.200)   Value =  42.000000 Err =  0.000000
Node=  51 Coords = ( 0.600,  0.400,  0.200)   Value =  42.000000 Err =  0.000000
Node=  52 Coords = ( 0.800,  0.400,  0.200)   Value =  42.000000 Err =  0.000000
Node=  53 Coords = ( 1.000,  0.400,  0.200)   Value =  42.000000 Err =  0.000000
Node=  54 Coords = ( 0.000,  0.600,  0.200)   Value =  42.000000 Err = -0.000000
Node=  55 Coords = ( 0.200,  0.600,  0.200)   Value =  42.000000 Err =  0.000000
Node=  56 Coords = ( 0.400,  0.600,  0.200)   Value =  42.000000 Err =  0.000000
Node=  57 Coords = ( 0.600,  0.600,  0.200)   Value =  42.000000 Err =  0.000000
Node=  58 Coords = ( 0.800,  0.600,  0.200)   Value =  42.000000 Err =  0.000000
Node=  59 Coords = ( 1.000,  0.600,  0.200)   Value =  42.000000 Err =  0.000000
Node=  60 Coords = ( 0.000,  0.800,  0.200)   Value =  42.000000 Err =  0.000000
Node=  61 Coords = ( 0.200,  0.800,  0.200)   Value =  42.000000 Err = -0.000000
Node=  62 Coords = ( 0.400,  0.800,  0.200)   Value =  42.000000 Err =  0.000000
Node=  63 Coords = ( 0.600,  0.800,  0.200)   Value =  42.000000 Err = -0.000000
Node=  64 Coords = ( 0.800,  0.800,  0.200)   Value =  42.000000 Err =  0.000000
Node=  65 Coords = ( 1.000,  0.800,  0.200)   Value =  42.000000 Err = -0.000000
[...]
[       OK ] GeoKernelCombos/WeightTest.check_weights_3D/4 (2 ms)
[ RUN      ] GeoKernelCombos/WeightTest.check_weights_3D/5
[       OK ] GeoKernelCombos/WeightTest.check_weights_3D/5 (4 ms)
[ RUN      ] GeoKernelCombos/WeightTest.check_weights_3D/6
[       OK ] GeoKernelCombos/WeightTest.check_weights_3D/6 (2 ms)
[ RUN      ] GeoKernelCombos/WeightTest.check_weights_3D/7
[       OK ] GeoKernelCombos/WeightTest.check_weights_3D/7 (1 ms)
[ RUN      ] GeoKernelCombos/WeightTest.check_weights_3D/8
[       OK ] GeoKernelCombos/WeightTest.check_weights_3D/8 (3 ms)
[ RUN      ] GeoKernelCombos/WeightTest.check_weights_3D/9
[       OK ] GeoKernelCombos/WeightTest.check_weights_3D/9 (2 ms)
[----------] 30 tests from GeoKernelCombos/WeightTest (25 ms total)

[----------] 3 tests from FacetedSupport/WeightTest
[ RUN      ] FacetedSupport/WeightTest.check_weights_1D/0
[       OK ] FacetedSupport/WeightTest.check_weights_1D/0 (0 ms)
[ RUN      ] FacetedSupport/WeightTest.check_weights_2D/0
[       OK ] FacetedSupport/WeightTest.check_weights_2D/0 (0 ms)
[ RUN      ] FacetedSupport/WeightTest.check_weights_3D/0
[       OK ] FacetedSupport/WeightTest.check_weights_3D/0 (5 ms)
[----------] 3 tests from FacetedSupport/WeightTest (5 ms total)

[----------] Global test environment tear-down
[==========] 33 tests from 2 test cases ran. (30 ms total)
[  PASSED  ] 33 tests.
<end of output>
Test time =   0.26 sec
----------------------------------------------------------
Test Passed.
"test_weight" end time: Sep 10 11:34 MDT
"test_weight" time elapsed: 00:00:00
----------------------------------------------------------

43/51 Testing: test_basis
43/51 Test: test_basis
Command: "/opt/local/opnsoft/openmpi/2.1.2-gcc-6.4.0/bin/mpiexec" "-n" "1" "/home/shevitz/ngc/portage/build-flecsi/test/support/test_basis" "--gtest_color=no"
Directory: /home/shevitz/ngc/portage/build-flecsi/test/support
"test_basis" start time: Sep 10 11:34 MDT
Output:
----------------------------------------------------------
[==========] Running 9 tests from 1 test case.
[----------] Global test environment set-up.
[----------] 9 tests from BasisTest
[ RUN      ] BasisTest.Unitary_1D
[       OK ] BasisTest.Unitary_1D (0 ms)
[ RUN      ] BasisTest.Unitary_2D
[       OK ] BasisTest.Unitary_2D (0 ms)
[ RUN      ] BasisTest.Unitary_3D
[       OK ] BasisTest.Unitary_3D (0 ms)
[ RUN      ] BasisTest.Linear_1D
[       OK ] BasisTest.Linear_1D (0 ms)
[ RUN      ] BasisTest.Linear_2D
[       OK ] BasisTest.Linear_2D (0 ms)
[ RUN      ] BasisTest.Linear_3D
[       OK ] BasisTest.Linear_3D (0 ms)
[ RUN      ] BasisTest.Quadratic_1D
[       OK ] BasisTest.Quadratic_1D (0 ms)
[ RUN      ] BasisTest.Quadratic_2D
[       OK ] BasisTest.Quadratic_2D (0 ms)
[ RUN      ] BasisTest.Quadratic_3D
[       OK ] BasisTest.Quadratic_3D (1 ms)
[----------] 9 tests from BasisTest (1 ms total)

[----------] Global test environment tear-down
[==========] 9 tests from 1 test case ran. (1 ms total)
[  PASSED  ] 9 tests.
<end of output>
Test time =   0.24 sec
----------------------------------------------------------
Test Passed.
"test_basis" end time: Sep 10 11:34 MDT
"test_basis" time elapsed: 00:00:00
----------------------------------------------------------

44/51 Testing: test_operator
44/51 Test: test_operator
Command: "/opt/local/opnsoft/openmpi/2.1.2-gcc-6.4.0/bin/mpiexec" "-n" "1" "/home/shevitz/ngc/portage/build-flecsi/test/support/test_operator" "--gtest_color=no"
Directory: /home/shevitz/ngc/portage/build-flecsi/test/support
"test_operator" start time: Sep 10 11:34 MDT
Output:
----------------------------------------------------------
[==========] Running 41 tests from 1 test case.
[----------] Global test environment set-up.
[----------] 41 tests from VolumeIntegral
[ RUN      ] VolumeIntegral.UnitaryIntervalBasic
[       OK ] VolumeIntegral.UnitaryIntervalBasic (0 ms)
[ RUN      ] VolumeIntegral.LinearIntervalBasic
[       OK ] VolumeIntegral.LinearIntervalBasic (0 ms)
[ RUN      ] VolumeIntegral.QuadraticIntervalBasic
[       OK ] VolumeIntegral.QuadraticIntervalBasic (0 ms)
[ RUN      ] VolumeIntegral.UnitaryQuadrilateralBasic
[       OK ] VolumeIntegral.UnitaryQuadrilateralBasic (0 ms)
[ RUN      ] VolumeIntegral.LinearQuadrilateralBasic
[       OK ] VolumeIntegral.LinearQuadrilateralBasic (0 ms)
[ RUN      ] VolumeIntegral.QuadraticQuadrilateralBasic
[       OK ] VolumeIntegral.QuadraticQuadrilateralBasic (0 ms)
[ RUN      ] VolumeIntegral.UnitaryTriangleBasic
[       OK ] VolumeIntegral.UnitaryTriangleBasic (0 ms)
[ RUN      ] VolumeIntegral.LinearTriangleBasic
[       OK ] VolumeIntegral.LinearTriangleBasic (0 ms)
[ RUN      ] VolumeIntegral.QuadraticTriangleBasic
[       OK ] VolumeIntegral.QuadraticTriangleBasic (0 ms)
[ RUN      ] VolumeIntegral.UnitaryHexahedronBasic
[       OK ] VolumeIntegral.UnitaryHexahedronBasic (0 ms)
[ RUN      ] VolumeIntegral.LinearHexahedronBasic
[       OK ] VolumeIntegral.LinearHexahedronBasic (1 ms)
[ RUN      ] VolumeIntegral.UnitaryWedgeBasic
[       OK ] VolumeIntegral.UnitaryWedgeBasic (0 ms)
[ RUN      ] VolumeIntegral.LinearWedgeBasic
[       OK ] VolumeIntegral.LinearWedgeBasic (0 ms)
[ RUN      ] VolumeIntegral.UnitaryTetrahedronBasic
[       OK ] VolumeIntegral.UnitaryTetrahedronBasic (0 ms)
[ RUN      ] VolumeIntegral.LinearTetrahedronBasic
[       OK ] VolumeIntegral.LinearTetrahedronBasic (0 ms)
[ RUN      ] VolumeIntegral.QuadraticTetrahedronBasic
[       OK ] VolumeIntegral.QuadraticTetrahedronBasic (0 ms)
[ RUN      ] VolumeIntegral.UnitaryIntervalTF
[       OK ] VolumeIntegral.UnitaryIntervalTF (0 ms)
[ RUN      ] VolumeIntegral.LinearIntervalTF
[       OK ] VolumeIntegral.LinearIntervalTF (0 ms)
[ RUN      ] VolumeIntegral.QuadraticIntervalTF
[       OK ] VolumeIntegral.QuadraticIntervalTF (0 ms)
[ RUN      ] VolumeIntegral.UnitaryQuadrilateralTF
[       OK ] VolumeIntegral.UnitaryQuadrilateralTF (0 ms)
[ RUN      ] VolumeIntegral.LinearQuadrilateralTF
[       OK ] VolumeIntegral.LinearQuadrilateralTF (0 ms)
[ RUN      ] VolumeIntegral.QuadraticQuadrilateralTF
[       OK ] VolumeIntegral.QuadraticQuadrilateralTF (0 ms)
[ RUN      ] VolumeIntegral.UnitaryTriangleTF
[       OK ] VolumeIntegral.UnitaryTriangleTF (0 ms)
[ RUN      ] VolumeIntegral.LinearTriangleTF
[       OK ] VolumeIntegral.LinearTriangleTF (0 ms)
[ RUN      ] VolumeIntegral.QuadraticTriangleTF
[       OK ] VolumeIntegral.QuadraticTriangleTF (0 ms)
[ RUN      ] VolumeIntegral.UnitaryHexahedronTF
[       OK ] VolumeIntegral.UnitaryHexahedronTF (0 ms)
[ RUN      ] VolumeIntegral.LinearHexahedronTF
[       OK ] VolumeIntegral.LinearHexahedronTF (0 ms)
[ RUN      ] VolumeIntegral.UnitaryWedgeTF
[       OK ] VolumeIntegral.UnitaryWedgeTF (0 ms)
[ RUN      ] VolumeIntegral.LinearWedgeTF
[       OK ] VolumeIntegral.LinearWedgeTF (0 ms)
[ RUN      ] VolumeIntegral.UnitaryTetrahedronTF
[       OK ] VolumeIntegral.UnitaryTetrahedronTF (0 ms)
[ RUN      ] VolumeIntegral.LinearTetrahedronTF
[       OK ] VolumeIntegral.LinearTetrahedronTF (0 ms)
[ RUN      ] VolumeIntegral.QuadraticTetrahedronTF
[       OK ] VolumeIntegral.QuadraticTetrahedronTF (0 ms)
[ RUN      ] VolumeIntegral.UnitaryQuadrilateralDeform
[       OK ] VolumeIntegral.UnitaryQuadrilateralDeform (0 ms)
[ RUN      ] VolumeIntegral.UnitaryTriangleDeform
[       OK ] VolumeIntegral.UnitaryTriangleDeform (0 ms)
[ RUN      ] VolumeIntegral.UnitaryHexahedronDeform
[       OK ] VolumeIntegral.UnitaryHexahedronDeform (0 ms)
[ RUN      ] VolumeIntegral.UnitaryWedgeDeform
[       OK ] VolumeIntegral.UnitaryWedgeDeform (0 ms)
[ RUN      ] VolumeIntegral.UnitaryTetrahedronDeform
[       OK ] VolumeIntegral.UnitaryTetrahedronDeform (1 ms)
[ RUN      ] VolumeIntegral.QuadraticIntervalTFDynamic
[       OK ] VolumeIntegral.QuadraticIntervalTFDynamic (0 ms)
[ RUN      ] VolumeIntegral.UnitaryQuadrilateralDeformDynamic
[       OK ] VolumeIntegral.UnitaryQuadrilateralDeformDynamic (0 ms)
[ RUN      ] VolumeIntegral.UnitaryHexahedronDeformDynamic
[       OK ] VolumeIntegral.UnitaryHexahedronDeformDynamic (0 ms)
[ RUN      ] VolumeIntegral.QuadraticTetrahedronTFDynamic
[       OK ] VolumeIntegral.QuadraticTetrahedronTFDynamic (0 ms)
[----------] 41 tests from VolumeIntegral (2 ms total)

[----------] Global test environment tear-down
[==========] 41 tests from 1 test case ran. (2 ms total)
[  PASSED  ] 41 tests.
<end of output>
Test time =   0.23 sec
----------------------------------------------------------
Test Passed.
"test_operator" end time: Sep 10 11:34 MDT
"test_operator" time elapsed: 00:00:00
----------------------------------------------------------

45/51 Testing: test_swarm
45/51 Test: test_swarm
Command: "/opt/local/opnsoft/openmpi/2.1.2-gcc-6.4.0/bin/mpiexec" "-n" "1" "/home/shevitz/ngc/portage/build-flecsi/test/swarm/test_swarm" "--gtest_color=no"
Directory: /home/shevitz/ngc/portage/build-flecsi/test/swarm
"test_swarm" start time: Sep 10 11:34 MDT
Output:
----------------------------------------------------------
[==========] Running 12 tests from 2 test cases.
[----------] Global test environment set-up.
[----------] 9 tests from SwarmFactory
[ RUN      ] SwarmFactory.Check_1D_random
[       OK ] SwarmFactory.Check_1D_random (0 ms)
[ RUN      ] SwarmFactory.Check_2D_random
[       OK ] SwarmFactory.Check_2D_random (0 ms)
[ RUN      ] SwarmFactory.Check_3D_random
[       OK ] SwarmFactory.Check_3D_random (1 ms)
[ RUN      ] SwarmFactory.Check_1D_regular
[       OK ] SwarmFactory.Check_1D_regular (0 ms)
[ RUN      ] SwarmFactory.Check_2D_regular
[       OK ] SwarmFactory.Check_2D_regular (0 ms)
[ RUN      ] SwarmFactory.Check_3D_regular
[       OK ] SwarmFactory.Check_3D_regular (1 ms)
[ RUN      ] SwarmFactory.Check_1D_perturbed
[       OK ] SwarmFactory.Check_1D_perturbed (0 ms)
[ RUN      ] SwarmFactory.Check_2D_perturbed
[       OK ] SwarmFactory.Check_2D_perturbed (1 ms)
[ RUN      ] SwarmFactory.Check_3D_perturbed
[       OK ] SwarmFactory.Check_3D_perturbed (1 ms)
[----------] 9 tests from SwarmFactory (4 ms total)

[----------] 3 tests from Swarm
[ RUN      ] Swarm.Sanity_Check_3D
[       OK ] Swarm.Sanity_Check_3D (0 ms)
[ RUN      ] Swarm.Build_Simple_Mesh_Wrapper_Cell
[       OK ] Swarm.Build_Simple_Mesh_Wrapper_Cell (1 ms)
[ RUN      ] Swarm.Build_Simple_Mesh_Wrapper_Node
[       OK ] Swarm.Build_Simple_Mesh_Wrapper_Node (1 ms)
[----------] 3 tests from Swarm (2 ms total)

[----------] Global test environment tear-down
[==========] 12 tests from 2 test cases ran. (8 ms total)
[  PASSED  ] 12 tests.
<end of output>
Test time =   0.24 sec
----------------------------------------------------------
Test Passed.
"test_swarm" end time: Sep 10 11:34 MDT
"test_swarm" time elapsed: 00:00:00
----------------------------------------------------------

46/51 Testing: test_swarm_state
46/51 Test: test_swarm_state
Command: "/opt/local/opnsoft/openmpi/2.1.2-gcc-6.4.0/bin/mpiexec" "-n" "1" "/home/shevitz/ngc/portage/build-flecsi/test/swarm/test_swarm_state" "--gtest_color=no"
Directory: /home/shevitz/ngc/portage/build-flecsi/test/swarm
"test_swarm_state" start time: Sep 10 11:34 MDT
Output:
----------------------------------------------------------
[==========] Running 2 tests from 1 test case.
[----------] Global test environment set-up.
[----------] 2 tests from SwarmState
[ RUN      ] SwarmState.basic
[       OK ] SwarmState.basic (1 ms)
[ RUN      ] SwarmState.Simple_State_Wrapper
[       OK ] SwarmState.Simple_State_Wrapper (1 ms)
[----------] 2 tests from SwarmState (2 ms total)

[----------] Global test environment tear-down
[==========] 2 tests from 1 test case ran. (2 ms total)
[  PASSED  ] 2 tests.
<end of output>
Test time =   0.23 sec
----------------------------------------------------------
Test Passed.
"test_swarm_state" end time: Sep 10 11:34 MDT
"test_swarm_state" time elapsed: 00:00:00
----------------------------------------------------------

47/51 Testing: flecsi_2d
47/51 Test: flecsi_2d
Command: "/opt/local/opnsoft/openmpi/2.1.2-gcc-6.4.0/bin/mpiexec" "-n" "1" "/home/shevitz/ngc/portage/build-flecsi/test/wonton/flecsi_2d" "--gtest_color=no"
Directory: /home/shevitz/ngc/portage/build-flecsi/test/wonton
"flecsi_2d" start time: Sep 10 11:34 MDT
Output:
----------------------------------------------------------
[==========] Running 1 test from 1 test case.
[----------] Global test environment set-up.
[----------] 1 test from flecsi_2d
[ RUN      ] flecsi_2d.first_order
in MMDriver::run()...
Number of target cells in target mesh on rank 0: 400
Number of target entities of kind 3 in target mesh on rank 0: 400
Number of mesh variables on entity kind 3 to remap is 1
Transform Time for Entity Kind 3 on Rank 0 (s): 0.007347
   Search Time Rank 0 (s): 0.001679
   Intersect Time Rank 0 (s): 0.005467
   Interpolate Time Rank 0 (s): 0.000201
in MMDriver::run()...
Number of target cells in target mesh on rank 0: 400
Number of target entities of kind 3 in target mesh on rank 0: 400
Number of mesh variables on entity kind 3 to remap is 1
Transform Time for Entity Kind 3 on Rank 0 (s): 0.006999
   Search Time Rank 0 (s): 0.001574
   Intersect Time Rank 0 (s): 0.005244
   Interpolate Time Rank 0 (s): 0.000181
Writing mesh to: flecsi_2d.first_order_a.vtk
Writing mesh to: flecsi_2d.first_order_b.vtk
[       OK ] flecsi_2d.first_order (55 ms)
[----------] 1 test from flecsi_2d (55 ms total)

[----------] Global test environment tear-down
[==========] 1 test from 1 test case ran. (55 ms total)
[  PASSED  ] 1 test.
<end of output>
Test time =   0.29 sec
----------------------------------------------------------
Test Passed.
"flecsi_2d" end time: Sep 10 11:34 MDT
"flecsi_2d" time elapsed: 00:00:00
----------------------------------------------------------

48/51 Testing: flecsi_3d
48/51 Test: flecsi_3d
Command: "/opt/local/opnsoft/openmpi/2.1.2-gcc-6.4.0/bin/mpiexec" "-n" "1" "/home/shevitz/ngc/portage/build-flecsi/test/wonton/flecsi_3d" "--gtest_color=no"
Directory: /home/shevitz/ngc/portage/build-flecsi/test/wonton
"flecsi_3d" start time: Sep 10 11:34 MDT
Output:
----------------------------------------------------------
[==========] Running 1 test from 1 test case.
[----------] Global test environment set-up.
[----------] 1 test from flecsi_3d
[ RUN      ] flecsi_3d.first_order
in MMDriver::run()...
Number of target cells in target mesh on rank 0: 512
Number of target entities of kind 3 in target mesh on rank 0: 512
Number of mesh variables on entity kind 3 to remap is 1
Transform Time for Entity Kind 3 on Rank 0 (s): 0.562517
   Search Time Rank 0 (s): 0.00279
   Intersect Time Rank 0 (s): 0.559292
   Interpolate Time Rank 0 (s): 0.000435
in MMDriver::run()...
Number of target cells in target mesh on rank 0: 512
Number of target entities of kind 3 in target mesh on rank 0: 512
Number of mesh variables on entity kind 3 to remap is 1
Transform Time for Entity Kind 3 on Rank 0 (s): 0.561782
   Search Time Rank 0 (s): 0.002672
   Intersect Time Rank 0 (s): 0.558653
   Interpolate Time Rank 0 (s): 0.000457
Writing mesh to: flecsi_3d.first_order_a.vtk
Writing mesh to: flecsi_3d.first_order_b.vtk
[       OK ] flecsi_3d.first_order (1458 ms)
[----------] 1 test from flecsi_3d (1458 ms total)

[----------] Global test environment tear-down
[==========] 1 test from 1 test case ran. (1458 ms total)
[  PASSED  ] 1 test.
<end of output>
Test time =   1.73 sec
----------------------------------------------------------
Test Passed.
"flecsi_3d" end time: Sep 10 11:34 MDT
"flecsi_3d" time elapsed: 00:00:01
----------------------------------------------------------

49/51 Testing: test_simple_mesh_wrapper
49/51 Test: test_simple_mesh_wrapper
Command: "/home/shevitz/ngc/portage/build-flecsi/test/wonton/test_simple_mesh_wrapper" "--gtest_color=no"
Directory: /home/shevitz/ngc/portage/build-flecsi/test/wonton
"test_simple_mesh_wrapper" start time: Sep 10 11:34 MDT
Output:
----------------------------------------------------------
[==========] Running 5 tests from 1 test case.
[----------] Global test environment set-up.
[----------] 5 tests from Simple_Mesh
[ RUN      ] Simple_Mesh.OneCell
[       OK ] Simple_Mesh.OneCell (1 ms)
[ RUN      ] Simple_Mesh.MultiCell
[       OK ] Simple_Mesh.MultiCell (1 ms)
[ RUN      ] Simple_Mesh.AdjCell
[       OK ] Simple_Mesh.AdjCell (1 ms)
[ RUN      ] Simple_Mesh.GlobalID
[       OK ] Simple_Mesh.GlobalID (102 ms)
[ RUN      ] Simple_Mesh.MultiCell_Facetization
[       OK ] Simple_Mesh.MultiCell_Facetization (1 ms)
[----------] 5 tests from Simple_Mesh (106 ms total)

[----------] Global test environment tear-down
[==========] 5 tests from 1 test case ran. (106 ms total)
[  PASSED  ] 5 tests.
<end of output>
Test time =   0.12 sec
----------------------------------------------------------
Test Passed.
"test_simple_mesh_wrapper" end time: Sep 10 11:34 MDT
"test_simple_mesh_wrapper" time elapsed: 00:00:00
----------------------------------------------------------

50/51 Testing: test_simple_state_wrapper
50/51 Test: test_simple_state_wrapper
Command: "/home/shevitz/ngc/portage/build-flecsi/test/wonton/test_simple_state_wrapper" "--gtest_color=no"
Directory: /home/shevitz/ngc/portage/build-flecsi/test/wonton
"test_simple_state_wrapper" start time: Sep 10 11:34 MDT
Output:
----------------------------------------------------------
[==========] Running 1 test from 1 test case.
[----------] Global test environment set-up.
[----------] 1 test from Simple_State_Wrapper
[ RUN      ] Simple_State_Wrapper.WrapperTest
[       OK ] Simple_State_Wrapper.WrapperTest (1 ms)
[----------] 1 test from Simple_State_Wrapper (1 ms total)

[----------] Global test environment tear-down
[==========] 1 test from 1 test case ran. (1 ms total)
[  PASSED  ] 1 test.
<end of output>
Test time =   0.01 sec
----------------------------------------------------------
Test Passed.
"test_simple_state_wrapper" end time: Sep 10 11:34 MDT
"test_simple_state_wrapper" time elapsed: 00:00:00
----------------------------------------------------------

51/51 Testing: test_simple_state_mm_wrapper
51/51 Test: test_simple_state_mm_wrapper
Command: "/home/shevitz/ngc/portage/build-flecsi/test/wonton/test_simple_state_mm_wrapper" "--gtest_color=no"
Directory: /home/shevitz/ngc/portage/build-flecsi/test/wonton
"test_simple_state_mm_wrapper" start time: Sep 10 11:34 MDT
Output:
----------------------------------------------------------
[==========] Running 9 tests from 1 test case.
[----------] Global test environment set-up.
[----------] 9 tests from Simple_State_Wrapper
[ RUN      ] Simple_State_Wrapper.manageMeshField2
[       OK ] Simple_State_Wrapper.manageMeshField2 (1 ms)
[ RUN      ] Simple_State_Wrapper.manageMeshFieldTemplate
[       OK ] Simple_State_Wrapper.manageMeshFieldTemplate (0 ms)
[ RUN      ] Simple_State_Wrapper.multiMatField
[       OK ] Simple_State_Wrapper.multiMatField (0 ms)
[ RUN      ] Simple_State_Wrapper.mixedFields
[       OK ] Simple_State_Wrapper.mixedFields (0 ms)
[ RUN      ] Simple_State_Wrapper.mixedFields2
[       OK ] Simple_State_Wrapper.mixedFields2 (0 ms)
[ RUN      ] Simple_State_Wrapper.testUniIsolation
[       OK ] Simple_State_Wrapper.testUniIsolation (0 ms)
[ RUN      ] Simple_State_Wrapper.testMultiIsolation
[       OK ] Simple_State_Wrapper.testMultiIsolation (0 ms)
[ RUN      ] Simple_State_Wrapper.testMultiIsolationPoint
[       OK ] Simple_State_Wrapper.testMultiIsolationPoint (0 ms)
[ RUN      ] Simple_State_Wrapper.test4Cell
[       OK ] Simple_State_Wrapper.test4Cell (1 ms)
[----------] 9 tests from Simple_State_Wrapper (2 ms total)

[----------] Global test environment tear-down
[==========] 9 tests from 1 test case ran. (2 ms total)
[  PASSED  ] 9 tests.
<end of output>
Test time =   0.01 sec
----------------------------------------------------------
Test Passed.
"test_simple_state_mm_wrapper" end time: Sep 10 11:34 MDT
"test_simple_state_mm_wrapper" time elapsed: 00:00:00
----------------------------------------------------------

End testing: Sep 10 11:34 MDT
